{"/Users/jsplettstoesser/Code/private/ts-helpers-2026/src/index.ts": {"path":"/Users/jsplettstoesser/Code/private/ts-helpers-2026/src/index.ts","statementMap":{},"fnMap":{},"branchMap":{},"s":{},"f":{},"b":{},"meta":{"lastBranch":0,"lastFunction":0,"lastStatement":0,"seen":{}}}
,"/Users/jsplettstoesser/Code/private/ts-helpers-2026/src/helper/array-access.helper.ts": {"path":"/Users/jsplettstoesser/Code/private/ts-helpers-2026/src/helper/array-access.helper.ts","statementMap":{"0":{"start":{"line":8,"column":4},"end":{"line":10,"column":null}},"1":{"start":{"line":9,"column":6},"end":{"line":9,"column":null}},"2":{"start":{"line":12,"column":4},"end":{"line":12,"column":null}},"3":{"start":{"line":16,"column":4},"end":{"line":18,"column":null}},"4":{"start":{"line":17,"column":6},"end":{"line":17,"column":null}},"5":{"start":{"line":20,"column":4},"end":{"line":20,"column":null}},"6":{"start":{"line":24,"column":4},"end":{"line":24,"column":null}},"7":{"start":{"line":32,"column":4},"end":{"line":42,"column":null}},"8":{"start":{"line":33,"column":6},"end":{"line":35,"column":null}},"9":{"start":{"line":34,"column":8},"end":{"line":34,"column":null}},"10":{"start":{"line":37,"column":6},"end":{"line":39,"column":null}},"11":{"start":{"line":38,"column":8},"end":{"line":38,"column":null}},"12":{"start":{"line":41,"column":6},"end":{"line":41,"column":null}},"13":{"start":{"line":50,"column":4},"end":{"line":50,"column":null}},"14":{"start":{"line":50,"column":32},"end":{"line":50,"column":51}},"15":{"start":{"line":58,"column":4},"end":{"line":58,"column":null}},"16":{"start":{"line":58,"column":32},"end":{"line":58,"column":51}},"17":{"start":{"line":65,"column":4},"end":{"line":67,"column":null}},"18":{"start":{"line":66,"column":6},"end":{"line":66,"column":null}},"19":{"start":{"line":66,"column":36},"end":{"line":66,"column":87}},"20":{"start":{"line":69,"column":4},"end":{"line":69,"column":null}},"21":{"start":{"line":69,"column":34},"end":{"line":69,"column":58}},"22":{"start":{"line":73,"column":4},"end":{"line":73,"column":null}},"23":{"start":{"line":77,"column":4},"end":{"line":79,"column":null}},"24":{"start":{"line":78,"column":6},"end":{"line":78,"column":null}},"25":{"start":{"line":81,"column":4},"end":{"line":81,"column":null}},"26":{"start":{"line":85,"column":4},"end":{"line":87,"column":null}},"27":{"start":{"line":86,"column":6},"end":{"line":86,"column":null}},"28":{"start":{"line":89,"column":4},"end":{"line":89,"column":null}},"29":{"start":{"line":93,"column":4},"end":{"line":95,"column":null}},"30":{"start":{"line":94,"column":6},"end":{"line":94,"column":null}},"31":{"start":{"line":97,"column":4},"end":{"line":97,"column":null}},"32":{"start":{"line":101,"column":4},"end":{"line":103,"column":null}},"33":{"start":{"line":102,"column":6},"end":{"line":102,"column":null}},"34":{"start":{"line":105,"column":4},"end":{"line":105,"column":null}},"35":{"start":{"line":109,"column":4},"end":{"line":111,"column":null}},"36":{"start":{"line":110,"column":6},"end":{"line":110,"column":null}},"37":{"start":{"line":113,"column":4},"end":{"line":113,"column":null}},"38":{"start":{"line":113,"column":41},"end":{"line":113,"column":52}},"39":{"start":{"line":117,"column":4},"end":{"line":119,"column":null}},"40":{"start":{"line":118,"column":6},"end":{"line":118,"column":null}},"41":{"start":{"line":121,"column":29},"end":{"line":121,"column":null}},"42":{"start":{"line":123,"column":4},"end":{"line":125,"column":null}},"43":{"start":{"line":123,"column":17},"end":{"line":123,"column":20}},"44":{"start":{"line":124,"column":6},"end":{"line":124,"column":null}},"45":{"start":{"line":127,"column":4},"end":{"line":127,"column":null}},"46":{"start":{"line":131,"column":4},"end":{"line":131,"column":null}},"47":{"start":{"line":135,"column":17},"end":{"line":135,"column":null}},"48":{"start":{"line":136,"column":4},"end":{"line":145,"column":null}},"49":{"start":{"line":137,"column":20},"end":{"line":137,"column":null}},"50":{"start":{"line":139,"column":6},"end":{"line":141,"column":null}},"51":{"start":{"line":140,"column":8},"end":{"line":140,"column":null}},"52":{"start":{"line":143,"column":6},"end":{"line":143,"column":null}},"53":{"start":{"line":144,"column":6},"end":{"line":144,"column":null}},"54":{"start":{"line":149,"column":4},"end":{"line":156,"column":null}},"55":{"start":{"line":150,"column":23},"end":{"line":150,"column":null}},"56":{"start":{"line":151,"column":6},"end":{"line":153,"column":null}},"57":{"start":{"line":152,"column":8},"end":{"line":152,"column":null}},"58":{"start":{"line":154,"column":6},"end":{"line":154,"column":null}},"59":{"start":{"line":155,"column":6},"end":{"line":155,"column":null}},"60":{"start":{"line":160,"column":19},"end":{"line":160,"column":null}},"61":{"start":{"line":161,"column":29},"end":{"line":161,"column":null}},"62":{"start":{"line":163,"column":4},"end":{"line":165,"column":null}},"63":{"start":{"line":163,"column":21},"end":{"line":163,"column":24}},"64":{"start":{"line":164,"column":6},"end":{"line":164,"column":null}},"65":{"start":{"line":167,"column":4},"end":{"line":167,"column":null}},"66":{"start":{"line":171,"column":17},"end":{"line":171,"column":null}},"67":{"start":{"line":172,"column":4},"end":{"line":172,"column":null}},"68":{"start":{"line":172,"column":30},"end":{"line":172,"column":44}},"69":{"start":{"line":176,"column":17},"end":{"line":176,"column":null}},"70":{"start":{"line":177,"column":4},"end":{"line":177,"column":null}},"71":{"start":{"line":177,"column":30},"end":{"line":177,"column":45}},"72":{"start":{"line":181,"column":4},"end":{"line":181,"column":null}}},"fnMap":{"0":{"name":"(anonymous_0)","decl":{"start":{"line":7,"column":9},"end":{"line":7,"column":21}},"loc":{"start":{"line":7,"column":71},"end":{"line":13,"column":null}},"line":7},"1":{"name":"(anonymous_1)","decl":{"start":{"line":15,"column":9},"end":{"line":15,"column":20}},"loc":{"start":{"line":15,"column":70},"end":{"line":21,"column":null}},"line":15},"2":{"name":"(anonymous_2)","decl":{"start":{"line":23,"column":9},"end":{"line":23,"column":23}},"loc":{"start":{"line":23,"column":64},"end":{"line":25,"column":null}},"line":23},"3":{"name":"(anonymous_3)","decl":{"start":{"line":27,"column":9},"end":{"line":27,"column":null}},"loc":{"start":{"line":31,"column":12},"end":{"line":43,"column":null}},"line":31},"4":{"name":"(anonymous_4)","decl":{"start":{"line":32,"column":27},"end":{"line":32,"column":28}},"loc":{"start":{"line":32,"column":37},"end":{"line":42,"column":5}},"line":32},"5":{"name":"(anonymous_5)","decl":{"start":{"line":45,"column":9},"end":{"line":45,"column":null}},"loc":{"start":{"line":49,"column":20},"end":{"line":51,"column":null}},"line":49},"6":{"name":"(anonymous_6)","decl":{"start":{"line":50,"column":22},"end":{"line":50,"column":23}},"loc":{"start":{"line":50,"column":32},"end":{"line":50,"column":51}},"line":50},"7":{"name":"(anonymous_7)","decl":{"start":{"line":53,"column":9},"end":{"line":53,"column":null}},"loc":{"start":{"line":57,"column":13},"end":{"line":59,"column":null}},"line":57},"8":{"name":"(anonymous_8)","decl":{"start":{"line":58,"column":22},"end":{"line":58,"column":23}},"loc":{"start":{"line":58,"column":32},"end":{"line":58,"column":51}},"line":58},"9":{"name":"(anonymous_9)","decl":{"start":{"line":61,"column":9},"end":{"line":61,"column":null}},"loc":{"start":{"line":64,"column":12},"end":{"line":70,"column":null}},"line":64},"10":{"name":"(anonymous_10)","decl":{"start":{"line":66,"column":26},"end":{"line":66,"column":27}},"loc":{"start":{"line":66,"column":36},"end":{"line":66,"column":87}},"line":66},"11":{"name":"(anonymous_11)","decl":{"start":{"line":69,"column":24},"end":{"line":69,"column":25}},"loc":{"start":{"line":69,"column":34},"end":{"line":69,"column":58}},"line":69},"12":{"name":"(anonymous_12)","decl":{"start":{"line":72,"column":9},"end":{"line":72,"column":29}},"loc":{"start":{"line":72,"column":60},"end":{"line":74,"column":null}},"line":72},"13":{"name":"(anonymous_13)","decl":{"start":{"line":76,"column":9},"end":{"line":76,"column":27}},"loc":{"start":{"line":76,"column":63},"end":{"line":82,"column":null}},"line":76},"14":{"name":"(anonymous_14)","decl":{"start":{"line":84,"column":9},"end":{"line":84,"column":26}},"loc":{"start":{"line":84,"column":51},"end":{"line":90,"column":null}},"line":84},"15":{"name":"(anonymous_15)","decl":{"start":{"line":92,"column":9},"end":{"line":92,"column":32}},"loc":{"start":{"line":92,"column":57},"end":{"line":98,"column":null}},"line":92},"16":{"name":"(anonymous_16)","decl":{"start":{"line":100,"column":9},"end":{"line":100,"column":30}},"loc":{"start":{"line":100,"column":56},"end":{"line":106,"column":null}},"line":100},"17":{"name":"(anonymous_17)","decl":{"start":{"line":108,"column":9},"end":{"line":108,"column":28}},"loc":{"start":{"line":108,"column":54},"end":{"line":114,"column":null}},"line":108},"18":{"name":"(anonymous_18)","decl":{"start":{"line":113,"column":33},"end":{"line":113,"column":41}},"loc":{"start":{"line":113,"column":41},"end":{"line":113,"column":52}},"line":113},"19":{"name":"(anonymous_19)","decl":{"start":{"line":116,"column":9},"end":{"line":116,"column":21}},"loc":{"start":{"line":116,"column":60},"end":{"line":128,"column":null}},"line":116},"20":{"name":"(anonymous_20)","decl":{"start":{"line":130,"column":9},"end":{"line":130,"column":22}},"loc":{"start":{"line":130,"column":45},"end":{"line":132,"column":null}},"line":130},"21":{"name":"(anonymous_21)","decl":{"start":{"line":134,"column":9},"end":{"line":134,"column":24}},"loc":{"start":{"line":134,"column":64},"end":{"line":146,"column":null}},"line":134},"22":{"name":"(anonymous_22)","decl":{"start":{"line":136,"column":24},"end":{"line":136,"column":25}},"loc":{"start":{"line":136,"column":34},"end":{"line":145,"column":5}},"line":136},"23":{"name":"(anonymous_23)","decl":{"start":{"line":148,"column":9},"end":{"line":148,"column":23}},"loc":{"start":{"line":148,"column":79},"end":{"line":157,"column":null}},"line":148},"24":{"name":"(anonymous_24)","decl":{"start":{"line":149,"column":24},"end":{"line":149,"column":25}},"loc":{"start":{"line":149,"column":42},"end":{"line":156,"column":7}},"line":149},"25":{"name":"(anonymous_25)","decl":{"start":{"line":159,"column":9},"end":{"line":159,"column":19}},"loc":{"start":{"line":159,"column":45},"end":{"line":168,"column":null}},"line":159},"26":{"name":"(anonymous_26)","decl":{"start":{"line":170,"column":9},"end":{"line":170,"column":28}},"loc":{"start":{"line":170,"column":58},"end":{"line":173,"column":null}},"line":170},"27":{"name":"(anonymous_27)","decl":{"start":{"line":172,"column":20},"end":{"line":172,"column":21}},"loc":{"start":{"line":172,"column":30},"end":{"line":172,"column":44}},"line":172},"28":{"name":"(anonymous_28)","decl":{"start":{"line":175,"column":9},"end":{"line":175,"column":26}},"loc":{"start":{"line":175,"column":56},"end":{"line":178,"column":null}},"line":175},"29":{"name":"(anonymous_29)","decl":{"start":{"line":177,"column":20},"end":{"line":177,"column":21}},"loc":{"start":{"line":177,"column":30},"end":{"line":177,"column":45}},"line":177},"30":{"name":"(anonymous_30)","decl":{"start":{"line":180,"column":9},"end":{"line":180,"column":21}},"loc":{"start":{"line":180,"column":51},"end":{"line":182,"column":null}},"line":180}},"branchMap":{"0":{"loc":{"start":{"line":7,"column":36},"end":{"line":7,"column":71}},"type":"default-arg","locations":[{"start":{"line":7,"column":45},"end":{"line":7,"column":71}}],"line":7},"1":{"loc":{"start":{"line":8,"column":4},"end":{"line":10,"column":null}},"type":"if","locations":[{"start":{"line":8,"column":4},"end":{"line":10,"column":null}},{"start":{},"end":{}}],"line":8},"2":{"loc":{"start":{"line":15,"column":35},"end":{"line":15,"column":70}},"type":"default-arg","locations":[{"start":{"line":15,"column":44},"end":{"line":15,"column":70}}],"line":15},"3":{"loc":{"start":{"line":16,"column":4},"end":{"line":18,"column":null}},"type":"if","locations":[{"start":{"line":16,"column":4},"end":{"line":18,"column":null}},{"start":{},"end":{}}],"line":16},"4":{"loc":{"start":{"line":23,"column":38},"end":{"line":23,"column":64}},"type":"default-arg","locations":[{"start":{"line":23,"column":46},"end":{"line":23,"column":64}}],"line":23},"5":{"loc":{"start":{"line":30,"column":4},"end":{"line":30,"column":null}},"type":"default-arg","locations":[{"start":{"line":30,"column":32},"end":{"line":30,"column":null}}],"line":30},"6":{"loc":{"start":{"line":33,"column":6},"end":{"line":35,"column":null}},"type":"if","locations":[{"start":{"line":33,"column":6},"end":{"line":35,"column":null}},{"start":{},"end":{}}],"line":33},"7":{"loc":{"start":{"line":34,"column":15},"end":{"line":34,"column":null}},"type":"cond-expr","locations":[{"start":{"line":34,"column":37},"end":{"line":34,"column":41}},{"start":{"line":34,"column":41},"end":{"line":34,"column":null}}],"line":34},"8":{"loc":{"start":{"line":37,"column":6},"end":{"line":39,"column":null}},"type":"if","locations":[{"start":{"line":37,"column":6},"end":{"line":39,"column":null}},{"start":{},"end":{}}],"line":37},"9":{"loc":{"start":{"line":38,"column":15},"end":{"line":38,"column":null}},"type":"cond-expr","locations":[{"start":{"line":38,"column":37},"end":{"line":38,"column":42}},{"start":{"line":38,"column":42},"end":{"line":38,"column":null}}],"line":38},"10":{"loc":{"start":{"line":65,"column":4},"end":{"line":67,"column":null}},"type":"if","locations":[{"start":{"line":65,"column":4},"end":{"line":67,"column":null}},{"start":{},"end":{}}],"line":65},"11":{"loc":{"start":{"line":77,"column":4},"end":{"line":79,"column":null}},"type":"if","locations":[{"start":{"line":77,"column":4},"end":{"line":79,"column":null}},{"start":{},"end":{}}],"line":77},"12":{"loc":{"start":{"line":77,"column":8},"end":{"line":77,"column":47}},"type":"binary-expr","locations":[{"start":{"line":77,"column":8},"end":{"line":77,"column":26}},{"start":{"line":77,"column":26},"end":{"line":77,"column":47}}],"line":77},"13":{"loc":{"start":{"line":81,"column":11},"end":{"line":81,"column":null}},"type":"cond-expr","locations":[{"start":{"line":81,"column":34},"end":{"line":81,"column":42}},{"start":{"line":81,"column":42},"end":{"line":81,"column":null}}],"line":81},"14":{"loc":{"start":{"line":85,"column":4},"end":{"line":87,"column":null}},"type":"if","locations":[{"start":{"line":85,"column":4},"end":{"line":87,"column":null}},{"start":{},"end":{}}],"line":85},"15":{"loc":{"start":{"line":93,"column":4},"end":{"line":95,"column":null}},"type":"if","locations":[{"start":{"line":93,"column":4},"end":{"line":95,"column":null}},{"start":{},"end":{}}],"line":93},"16":{"loc":{"start":{"line":101,"column":4},"end":{"line":103,"column":null}},"type":"if","locations":[{"start":{"line":101,"column":4},"end":{"line":103,"column":null}},{"start":{},"end":{}}],"line":101},"17":{"loc":{"start":{"line":109,"column":4},"end":{"line":111,"column":null}},"type":"if","locations":[{"start":{"line":109,"column":4},"end":{"line":111,"column":null}},{"start":{},"end":{}}],"line":109},"18":{"loc":{"start":{"line":117,"column":4},"end":{"line":119,"column":null}},"type":"if","locations":[{"start":{"line":117,"column":4},"end":{"line":119,"column":null}},{"start":{},"end":{}}],"line":117},"19":{"loc":{"start":{"line":139,"column":6},"end":{"line":141,"column":null}},"type":"if","locations":[{"start":{"line":139,"column":6},"end":{"line":141,"column":null}},{"start":{},"end":{}}],"line":139},"20":{"loc":{"start":{"line":151,"column":6},"end":{"line":153,"column":null}},"type":"if","locations":[{"start":{"line":151,"column":6},"end":{"line":153,"column":null}},{"start":{},"end":{}}],"line":151}},"s":{"0":3,"1":2,"2":1,"3":3,"4":2,"5":1,"6":3,"7":4,"8":13,"9":6,"10":7,"11":6,"12":1,"13":2,"14":4,"15":2,"16":3,"17":3,"18":1,"19":3,"20":2,"21":6,"22":2,"23":4,"24":2,"25":2,"26":4,"27":1,"28":3,"29":2,"30":1,"31":1,"32":2,"33":1,"34":1,"35":2,"36":1,"37":1,"38":3,"39":3,"40":1,"41":2,"42":2,"43":2,"44":4,"45":2,"46":4,"47":1,"48":1,"49":3,"50":3,"51":1,"52":2,"53":2,"54":1,"55":3,"56":3,"57":2,"58":3,"59":3,"60":2,"61":2,"62":2,"63":2,"64":4,"65":2,"66":2,"67":2,"68":5,"69":2,"70":2,"71":5,"72":2},"f":{"0":1,"1":1,"2":1,"3":1,"4":13,"5":1,"6":4,"7":1,"8":3,"9":1,"10":3,"11":6,"12":1,"13":1,"14":1,"15":1,"16":1,"17":1,"18":3,"19":1,"20":1,"21":1,"22":3,"23":1,"24":3,"25":1,"26":1,"27":5,"28":1,"29":5,"30":1},"b":{"0":[3],"1":[2,1],"2":[3],"3":[2,1],"4":[3],"5":[4],"6":[6,7],"7":[4,2],"8":[6,1],"9":[4,2],"10":[1,2],"11":[2,2],"12":[4,3],"13":[1,1],"14":[1,3],"15":[1,1],"16":[1,1],"17":[1,1],"18":[1,2],"19":[1,2],"20":[2,1]},"meta":{"lastBranch":21,"lastFunction":31,"lastStatement":73,"seen":{"f:7:9:7:21":0,"b:7:45:7:71":0,"b:8:4:10:Infinity:undefined:undefined:undefined:undefined":1,"s:8:4:10:Infinity":0,"s:9:6:9:Infinity":1,"s:12:4:12:Infinity":2,"f:15:9:15:20":1,"b:15:44:15:70":2,"b:16:4:18:Infinity:undefined:undefined:undefined:undefined":3,"s:16:4:18:Infinity":3,"s:17:6:17:Infinity":4,"s:20:4:20:Infinity":5,"f:23:9:23:23":2,"b:23:46:23:64":4,"s:24:4:24:Infinity":6,"f:27:9:27:Infinity":3,"b:30:32:30:Infinity":5,"s:32:4:42:Infinity":7,"f:32:27:32:28":4,"b:33:6:35:Infinity:undefined:undefined:undefined:undefined":6,"s:33:6:35:Infinity":8,"s:34:8:34:Infinity":9,"b:34:37:34:41:34:41:34:Infinity":7,"b:37:6:39:Infinity:undefined:undefined:undefined:undefined":8,"s:37:6:39:Infinity":10,"s:38:8:38:Infinity":11,"b:38:37:38:42:38:42:38:Infinity":9,"s:41:6:41:Infinity":12,"f:45:9:45:Infinity":5,"s:50:4:50:Infinity":13,"f:50:22:50:23":6,"s:50:32:50:51":14,"f:53:9:53:Infinity":7,"s:58:4:58:Infinity":15,"f:58:22:58:23":8,"s:58:32:58:51":16,"f:61:9:61:Infinity":9,"b:65:4:67:Infinity:undefined:undefined:undefined:undefined":10,"s:65:4:67:Infinity":17,"s:66:6:66:Infinity":18,"f:66:26:66:27":10,"s:66:36:66:87":19,"s:69:4:69:Infinity":20,"f:69:24:69:25":11,"s:69:34:69:58":21,"f:72:9:72:29":12,"s:73:4:73:Infinity":22,"f:76:9:76:27":13,"b:77:4:79:Infinity:undefined:undefined:undefined:undefined":11,"s:77:4:79:Infinity":23,"b:77:8:77:26:77:26:77:47":12,"s:78:6:78:Infinity":24,"s:81:4:81:Infinity":25,"b:81:34:81:42:81:42:81:Infinity":13,"f:84:9:84:26":14,"b:85:4:87:Infinity:undefined:undefined:undefined:undefined":14,"s:85:4:87:Infinity":26,"s:86:6:86:Infinity":27,"s:89:4:89:Infinity":28,"f:92:9:92:32":15,"b:93:4:95:Infinity:undefined:undefined:undefined:undefined":15,"s:93:4:95:Infinity":29,"s:94:6:94:Infinity":30,"s:97:4:97:Infinity":31,"f:100:9:100:30":16,"b:101:4:103:Infinity:undefined:undefined:undefined:undefined":16,"s:101:4:103:Infinity":32,"s:102:6:102:Infinity":33,"s:105:4:105:Infinity":34,"f:108:9:108:28":17,"b:109:4:111:Infinity:undefined:undefined:undefined:undefined":17,"s:109:4:111:Infinity":35,"s:110:6:110:Infinity":36,"s:113:4:113:Infinity":37,"f:113:33:113:41":18,"s:113:41:113:52":38,"f:116:9:116:21":19,"b:117:4:119:Infinity:undefined:undefined:undefined:undefined":18,"s:117:4:119:Infinity":39,"s:118:6:118:Infinity":40,"s:121:29:121:Infinity":41,"s:123:4:125:Infinity":42,"s:123:17:123:20":43,"s:124:6:124:Infinity":44,"s:127:4:127:Infinity":45,"f:130:9:130:22":20,"s:131:4:131:Infinity":46,"f:134:9:134:24":21,"s:135:17:135:Infinity":47,"s:136:4:145:Infinity":48,"f:136:24:136:25":22,"s:137:20:137:Infinity":49,"b:139:6:141:Infinity:undefined:undefined:undefined:undefined":19,"s:139:6:141:Infinity":50,"s:140:8:140:Infinity":51,"s:143:6:143:Infinity":52,"s:144:6:144:Infinity":53,"f:148:9:148:23":23,"s:149:4:156:Infinity":54,"f:149:24:149:25":24,"s:150:23:150:Infinity":55,"b:151:6:153:Infinity:undefined:undefined:undefined:undefined":20,"s:151:6:153:Infinity":56,"s:152:8:152:Infinity":57,"s:154:6:154:Infinity":58,"s:155:6:155:Infinity":59,"f:159:9:159:19":25,"s:160:19:160:Infinity":60,"s:161:29:161:Infinity":61,"s:163:4:165:Infinity":62,"s:163:21:163:24":63,"s:164:6:164:Infinity":64,"s:167:4:167:Infinity":65,"f:170:9:170:28":26,"s:171:17:171:Infinity":66,"s:172:4:172:Infinity":67,"f:172:20:172:21":27,"s:172:30:172:44":68,"f:175:9:175:26":28,"s:176:17:176:Infinity":69,"s:177:4:177:Infinity":70,"f:177:20:177:21":29,"s:177:30:177:45":71,"f:180:9:180:21":30,"s:181:4:181:Infinity":72}}}
,"/Users/jsplettstoesser/Code/private/ts-helpers-2026/src/helper/color.helper.ts": {"path":"/Users/jsplettstoesser/Code/private/ts-helpers-2026/src/helper/color.helper.ts","statementMap":{"0":{"start":{"line":11,"column":20},"end":{"line":11,"column":null}},"1":{"start":{"line":12,"column":4},"end":{"line":12,"column":null}},"2":{"start":{"line":12,"column":47},"end":{"line":12,"column":86}},"3":{"start":{"line":17,"column":4},"end":{"line":19,"column":null}},"4":{"start":{"line":24,"column":4},"end":{"line":26,"column":null}},"5":{"start":{"line":25,"column":6},"end":{"line":25,"column":null}},"6":{"start":{"line":28,"column":4},"end":{"line":30,"column":null}},"7":{"start":{"line":29,"column":6},"end":{"line":29,"column":null}},"8":{"start":{"line":32,"column":4},"end":{"line":34,"column":null}},"9":{"start":{"line":33,"column":6},"end":{"line":33,"column":null}},"10":{"start":{"line":36,"column":4},"end":{"line":36,"column":null}},"11":{"start":{"line":45,"column":4},"end":{"line":47,"column":null}},"12":{"start":{"line":46,"column":6},"end":{"line":46,"column":null}},"13":{"start":{"line":49,"column":4},"end":{"line":51,"column":null}},"14":{"start":{"line":50,"column":6},"end":{"line":50,"column":null}},"15":{"start":{"line":53,"column":4},"end":{"line":55,"column":null}},"16":{"start":{"line":54,"column":6},"end":{"line":54,"column":null}},"17":{"start":{"line":57,"column":4},"end":{"line":59,"column":null}},"18":{"start":{"line":58,"column":6},"end":{"line":58,"column":null}},"19":{"start":{"line":61,"column":4},"end":{"line":63,"column":null}},"20":{"start":{"line":62,"column":6},"end":{"line":62,"column":null}},"21":{"start":{"line":65,"column":4},"end":{"line":65,"column":null}},"22":{"start":{"line":72,"column":4},"end":{"line":74,"column":null}},"23":{"start":{"line":73,"column":6},"end":{"line":73,"column":null}},"24":{"start":{"line":76,"column":24},"end":{"line":76,"column":null}},"25":{"start":{"line":77,"column":30},"end":{"line":77,"column":null}},"26":{"start":{"line":79,"column":4},"end":{"line":98,"column":null}},"27":{"start":{"line":81,"column":8},"end":{"line":81,"column":null}},"28":{"start":{"line":82,"column":8},"end":{"line":82,"column":null}},"29":{"start":{"line":85,"column":8},"end":{"line":87,"column":null}},"30":{"start":{"line":88,"column":8},"end":{"line":88,"column":null}},"31":{"start":{"line":91,"column":8},"end":{"line":93,"column":null}},"32":{"start":{"line":94,"column":8},"end":{"line":94,"column":null}},"33":{"start":{"line":96,"column":8},"end":{"line":96,"column":null}},"34":{"start":{"line":97,"column":8},"end":{"line":97,"column":null}},"35":{"start":{"line":100,"column":4},"end":{"line":103,"column":null}},"36":{"start":{"line":101,"column":6},"end":{"line":101,"column":null}},"37":{"start":{"line":102,"column":6},"end":{"line":102,"column":null}},"38":{"start":{"line":105,"column":10},"end":{"line":106,"column":null}},"39":{"start":{"line":107,"column":4},"end":{"line":107,"column":null}},"40":{"start":{"line":116,"column":23},"end":{"line":116,"column":null}},"41":{"start":{"line":118,"column":4},"end":{"line":123,"column":null}},"42":{"start":{"line":119,"column":6},"end":{"line":122,"column":null}},"43":{"start":{"line":121,"column":23},"end":{"line":121,"column":34}},"44":{"start":{"line":125,"column":18},"end":{"line":125,"column":null}},"45":{"start":{"line":127,"column":4},"end":{"line":130,"column":null}},"46":{"start":{"line":128,"column":6},"end":{"line":128,"column":null}},"47":{"start":{"line":129,"column":6},"end":{"line":129,"column":null}},"48":{"start":{"line":132,"column":16},"end":{"line":132,"column":null}},"49":{"start":{"line":133,"column":18},"end":{"line":133,"column":null}},"50":{"start":{"line":134,"column":17},"end":{"line":134,"column":null}},"51":{"start":{"line":135,"column":18},"end":{"line":135,"column":null}},"52":{"start":{"line":137,"column":4},"end":{"line":141,"column":null}},"53":{"start":{"line":138,"column":6},"end":{"line":140,"column":null}},"54":{"start":{"line":143,"column":4},"end":{"line":145,"column":null}},"55":{"start":{"line":153,"column":21},"end":{"line":153,"column":null}},"56":{"start":{"line":154,"column":18},"end":{"line":154,"column":null}},"57":{"start":{"line":156,"column":4},"end":{"line":159,"column":null}},"58":{"start":{"line":157,"column":6},"end":{"line":157,"column":null}},"59":{"start":{"line":158,"column":6},"end":{"line":158,"column":null}},"60":{"start":{"line":161,"column":16},"end":{"line":161,"column":null}},"61":{"start":{"line":162,"column":18},"end":{"line":162,"column":null}},"62":{"start":{"line":163,"column":17},"end":{"line":163,"column":null}},"63":{"start":{"line":164,"column":18},"end":{"line":164,"column":null}},"64":{"start":{"line":166,"column":4},"end":{"line":166,"column":null}},"65":{"start":{"line":175,"column":21},"end":{"line":175,"column":null}},"66":{"start":{"line":176,"column":18},"end":{"line":176,"column":null}},"67":{"start":{"line":178,"column":4},"end":{"line":181,"column":null}},"68":{"start":{"line":179,"column":6},"end":{"line":179,"column":null}},"69":{"start":{"line":180,"column":6},"end":{"line":180,"column":null}},"70":{"start":{"line":183,"column":16},"end":{"line":183,"column":null}},"71":{"start":{"line":184,"column":23},"end":{"line":184,"column":null}},"72":{"start":{"line":185,"column":22},"end":{"line":185,"column":null}},"73":{"start":{"line":186,"column":18},"end":{"line":186,"column":null}},"74":{"start":{"line":188,"column":4},"end":{"line":191,"column":null}},"75":{"start":{"line":189,"column":19},"end":{"line":189,"column":null}},"76":{"start":{"line":190,"column":6},"end":{"line":190,"column":null}},"77":{"start":{"line":193,"column":25},"end":{"line":195,"column":null}},"78":{"start":{"line":196,"column":25},"end":{"line":196,"column":null}},"79":{"start":{"line":198,"column":16},"end":{"line":202,"column":null}},"80":{"start":{"line":203,"column":18},"end":{"line":207,"column":null}},"81":{"start":{"line":208,"column":17},"end":{"line":212,"column":null}},"82":{"start":{"line":214,"column":4},"end":{"line":218,"column":null}},"83":{"start":{"line":215,"column":6},"end":{"line":217,"column":null}},"84":{"start":{"line":220,"column":4},"end":{"line":222,"column":null}},"85":{"start":{"line":228,"column":18},"end":{"line":228,"column":null}},"86":{"start":{"line":230,"column":16},"end":{"line":230,"column":null}},"87":{"start":{"line":231,"column":18},"end":{"line":231,"column":null}},"88":{"start":{"line":232,"column":17},"end":{"line":232,"column":null}},"89":{"start":{"line":234,"column":4},"end":{"line":234,"column":null}},"90":{"start":{"line":239,"column":16},"end":{"line":239,"column":null}},"91":{"start":{"line":241,"column":4},"end":{"line":243,"column":null}},"92":{"start":{"line":242,"column":6},"end":{"line":242,"column":null}},"93":{"start":{"line":245,"column":4},"end":{"line":245,"column":null}},"94":{"start":{"line":254,"column":16},"end":{"line":254,"column":null}},"95":{"start":{"line":256,"column":4},"end":{"line":258,"column":null}},"96":{"start":{"line":257,"column":6},"end":{"line":257,"column":null}},"97":{"start":{"line":260,"column":18},"end":{"line":260,"column":null}},"98":{"start":{"line":261,"column":16},"end":{"line":261,"column":null}},"99":{"start":{"line":262,"column":18},"end":{"line":262,"column":null}},"100":{"start":{"line":263,"column":17},"end":{"line":263,"column":null}},"101":{"start":{"line":265,"column":25},"end":{"line":265,"column":null}},"102":{"start":{"line":266,"column":25},"end":{"line":266,"column":null}},"103":{"start":{"line":267,"column":18},"end":{"line":267,"column":null}},"104":{"start":{"line":269,"column":14},"end":{"line":269,"column":null}},"105":{"start":{"line":270,"column":4},"end":{"line":278,"column":null}},"106":{"start":{"line":271,"column":6},"end":{"line":277,"column":null}},"107":{"start":{"line":272,"column":8},"end":{"line":272,"column":null}},"108":{"start":{"line":273,"column":6},"end":{"line":277,"column":null}},"109":{"start":{"line":274,"column":8},"end":{"line":274,"column":null}},"110":{"start":{"line":275,"column":6},"end":{"line":277,"column":null}},"111":{"start":{"line":276,"column":8},"end":{"line":276,"column":null}},"112":{"start":{"line":280,"column":8},"end":{"line":280,"column":null}},"113":{"start":{"line":281,"column":21},"end":{"line":283,"column":null}},"114":{"start":{"line":285,"column":4},"end":{"line":285,"column":null}},"115":{"start":{"line":286,"column":4},"end":{"line":286,"column":null}},"116":{"start":{"line":287,"column":4},"end":{"line":287,"column":null}},"117":{"start":{"line":289,"column":4},"end":{"line":294,"column":null}},"118":{"start":{"line":290,"column":20},"end":{"line":290,"column":null}},"119":{"start":{"line":291,"column":6},"end":{"line":293,"column":null}},"120":{"start":{"line":296,"column":4},"end":{"line":296,"column":null}},"121":{"start":{"line":304,"column":22},"end":{"line":307,"column":null}},"122":{"start":{"line":309,"column":4},"end":{"line":311,"column":null}},"123":{"start":{"line":310,"column":6},"end":{"line":310,"column":null}},"124":{"start":{"line":313,"column":4},"end":{"line":313,"column":null}}},"fnMap":{"0":{"name":"(anonymous_0)","decl":{"start":{"line":10,"column":9},"end":{"line":10,"column":26}},"loc":{"start":{"line":10,"column":26},"end":{"line":13,"column":null}},"line":10},"1":{"name":"(anonymous_1)","decl":{"start":{"line":12,"column":41},"end":{"line":12,"column":47}},"loc":{"start":{"line":12,"column":47},"end":{"line":12,"column":86}},"line":12},"2":{"name":"(anonymous_2)","decl":{"start":{"line":16,"column":9},"end":{"line":16,"column":31}},"loc":{"start":{"line":16,"column":79},"end":{"line":20,"column":null}},"line":16},"3":{"name":"(anonymous_3)","decl":{"start":{"line":23,"column":9},"end":{"line":23,"column":27}},"loc":{"start":{"line":23,"column":64},"end":{"line":37,"column":null}},"line":23},"4":{"name":"(anonymous_4)","decl":{"start":{"line":40,"column":9},"end":{"line":40,"column":null}},"loc":{"start":{"line":44,"column":12},"end":{"line":66,"column":null}},"line":44},"5":{"name":"(anonymous_5)","decl":{"start":{"line":69,"column":9},"end":{"line":69,"column":null}},"loc":{"start":{"line":71,"column":13},"end":{"line":108,"column":null}},"line":71},"6":{"name":"(anonymous_6)","decl":{"start":{"line":112,"column":9},"end":{"line":112,"column":null}},"loc":{"start":{"line":115,"column":41},"end":{"line":146,"column":null}},"line":115},"7":{"name":"(anonymous_7)","decl":{"start":{"line":121,"column":13},"end":{"line":121,"column":14}},"loc":{"start":{"line":121,"column":23},"end":{"line":121,"column":34}},"line":121},"8":{"name":"(anonymous_8)","decl":{"start":{"line":149,"column":9},"end":{"line":149,"column":null}},"loc":{"start":{"line":151,"column":20},"end":{"line":167,"column":null}},"line":151},"9":{"name":"(anonymous_9)","decl":{"start":{"line":170,"column":9},"end":{"line":170,"column":null}},"loc":{"start":{"line":173,"column":41},"end":{"line":223,"column":null}},"line":173},"10":{"name":"(anonymous_10)","decl":{"start":{"line":227,"column":9},"end":{"line":227,"column":18}},"loc":{"start":{"line":227,"column":43},"end":{"line":235,"column":null}},"line":227},"11":{"name":"(anonymous_11)","decl":{"start":{"line":238,"column":9},"end":{"line":238,"column":18}},"loc":{"start":{"line":238,"column":59},"end":{"line":246,"column":null}},"line":238},"12":{"name":"(anonymous_12)","decl":{"start":{"line":250,"column":9},"end":{"line":250,"column":null}},"loc":{"start":{"line":253,"column":41},"end":{"line":297,"column":null}},"line":253},"13":{"name":"(anonymous_13)","decl":{"start":{"line":300,"column":9},"end":{"line":300,"column":null}},"loc":{"start":{"line":303,"column":41},"end":{"line":314,"column":null}},"line":303}},"branchMap":{"0":{"loc":{"start":{"line":24,"column":4},"end":{"line":26,"column":null}},"type":"if","locations":[{"start":{"line":24,"column":4},"end":{"line":26,"column":null}},{"start":{},"end":{}}],"line":24},"1":{"loc":{"start":{"line":28,"column":4},"end":{"line":30,"column":null}},"type":"if","locations":[{"start":{"line":28,"column":4},"end":{"line":30,"column":null}},{"start":{},"end":{}}],"line":28},"2":{"loc":{"start":{"line":29,"column":13},"end":{"line":29,"column":null}},"type":"cond-expr","locations":[{"start":{"line":29,"column":35},"end":{"line":29,"column":44}},{"start":{"line":29,"column":44},"end":{"line":29,"column":null}}],"line":29},"3":{"loc":{"start":{"line":32,"column":4},"end":{"line":34,"column":null}},"type":"if","locations":[{"start":{"line":32,"column":4},"end":{"line":34,"column":null}},{"start":{},"end":{}}],"line":32},"4":{"loc":{"start":{"line":33,"column":13},"end":{"line":33,"column":null}},"type":"cond-expr","locations":[{"start":{"line":33,"column":35},"end":{"line":33,"column":44}},{"start":{"line":33,"column":44},"end":{"line":33,"column":null}}],"line":33},"5":{"loc":{"start":{"line":45,"column":4},"end":{"line":47,"column":null}},"type":"if","locations":[{"start":{"line":45,"column":4},"end":{"line":47,"column":null}},{"start":{},"end":{}}],"line":45},"6":{"loc":{"start":{"line":49,"column":4},"end":{"line":51,"column":null}},"type":"if","locations":[{"start":{"line":49,"column":4},"end":{"line":51,"column":null}},{"start":{},"end":{}}],"line":49},"7":{"loc":{"start":{"line":53,"column":4},"end":{"line":55,"column":null}},"type":"if","locations":[{"start":{"line":53,"column":4},"end":{"line":55,"column":null}},{"start":{},"end":{}}],"line":53},"8":{"loc":{"start":{"line":57,"column":4},"end":{"line":59,"column":null}},"type":"if","locations":[{"start":{"line":57,"column":4},"end":{"line":59,"column":null}},{"start":{},"end":{}}],"line":57},"9":{"loc":{"start":{"line":61,"column":4},"end":{"line":63,"column":null}},"type":"if","locations":[{"start":{"line":61,"column":4},"end":{"line":63,"column":null}},{"start":{},"end":{}}],"line":61},"10":{"loc":{"start":{"line":72,"column":4},"end":{"line":74,"column":null}},"type":"if","locations":[{"start":{"line":72,"column":4},"end":{"line":74,"column":null}},{"start":{},"end":{}}],"line":72},"11":{"loc":{"start":{"line":79,"column":4},"end":{"line":98,"column":null}},"type":"switch","locations":[{"start":{"line":80,"column":6},"end":{"line":82,"column":null}},{"start":{"line":83,"column":6},"end":{"line":83,"column":null}},{"start":{"line":84,"column":6},"end":{"line":88,"column":null}},{"start":{"line":89,"column":6},"end":{"line":89,"column":null}},{"start":{"line":90,"column":6},"end":{"line":94,"column":null}},{"start":{"line":95,"column":6},"end":{"line":97,"column":null}}],"line":79},"12":{"loc":{"start":{"line":100,"column":4},"end":{"line":103,"column":null}},"type":"if","locations":[{"start":{"line":100,"column":4},"end":{"line":103,"column":null}},{"start":{},"end":{}}],"line":100},"13":{"loc":{"start":{"line":107,"column":11},"end":{"line":107,"column":null}},"type":"cond-expr","locations":[{"start":{"line":107,"column":30},"end":{"line":107,"column":39}},{"start":{"line":107,"column":39},"end":{"line":107,"column":null}}],"line":107},"14":{"loc":{"start":{"line":114,"column":4},"end":{"line":114,"column":null}},"type":"default-arg","locations":[{"start":{"line":114,"column":34},"end":{"line":114,"column":null}}],"line":114},"15":{"loc":{"start":{"line":118,"column":4},"end":{"line":123,"column":null}},"type":"if","locations":[{"start":{"line":118,"column":4},"end":{"line":123,"column":null}},{"start":{},"end":{}}],"line":118},"16":{"loc":{"start":{"line":127,"column":4},"end":{"line":130,"column":null}},"type":"if","locations":[{"start":{"line":127,"column":4},"end":{"line":130,"column":null}},{"start":{},"end":{}}],"line":127},"17":{"loc":{"start":{"line":127,"column":8},"end":{"line":127,"column":54}},"type":"binary-expr","locations":[{"start":{"line":127,"column":8},"end":{"line":127,"column":17}},{"start":{"line":127,"column":17},"end":{"line":127,"column":30}},{"start":{"line":127,"column":30},"end":{"line":127,"column":43}},{"start":{"line":127,"column":43},"end":{"line":127,"column":54}}],"line":127},"18":{"loc":{"start":{"line":135,"column":18},"end":{"line":135,"column":null}},"type":"cond-expr","locations":[{"start":{"line":135,"column":29},"end":{"line":135,"column":60}},{"start":{"line":135,"column":60},"end":{"line":135,"column":null}}],"line":135},"19":{"loc":{"start":{"line":137,"column":4},"end":{"line":141,"column":null}},"type":"if","locations":[{"start":{"line":137,"column":4},"end":{"line":141,"column":null}},{"start":{},"end":{}}],"line":137},"20":{"loc":{"start":{"line":138,"column":13},"end":{"line":140,"column":null}},"type":"cond-expr","locations":[{"start":{"line":139,"column":10},"end":{"line":139,"column":null}},{"start":{"line":140,"column":10},"end":{"line":140,"column":null}}],"line":138},"21":{"loc":{"start":{"line":143,"column":11},"end":{"line":145,"column":null}},"type":"cond-expr","locations":[{"start":{"line":144,"column":8},"end":{"line":144,"column":null}},{"start":{"line":145,"column":8},"end":{"line":145,"column":null}}],"line":143},"22":{"loc":{"start":{"line":156,"column":4},"end":{"line":159,"column":null}},"type":"if","locations":[{"start":{"line":156,"column":4},"end":{"line":159,"column":null}},{"start":{},"end":{}}],"line":156},"23":{"loc":{"start":{"line":156,"column":8},"end":{"line":156,"column":54}},"type":"binary-expr","locations":[{"start":{"line":156,"column":8},"end":{"line":156,"column":17}},{"start":{"line":156,"column":17},"end":{"line":156,"column":30}},{"start":{"line":156,"column":30},"end":{"line":156,"column":43}},{"start":{"line":156,"column":43},"end":{"line":156,"column":54}}],"line":156},"24":{"loc":{"start":{"line":164,"column":18},"end":{"line":164,"column":null}},"type":"cond-expr","locations":[{"start":{"line":164,"column":29},"end":{"line":164,"column":52}},{"start":{"line":164,"column":52},"end":{"line":164,"column":null}}],"line":164},"25":{"loc":{"start":{"line":172,"column":4},"end":{"line":172,"column":null}},"type":"default-arg","locations":[{"start":{"line":172,"column":34},"end":{"line":172,"column":null}}],"line":172},"26":{"loc":{"start":{"line":178,"column":4},"end":{"line":181,"column":null}},"type":"if","locations":[{"start":{"line":178,"column":4},"end":{"line":181,"column":null}},{"start":{},"end":{}}],"line":178},"27":{"loc":{"start":{"line":178,"column":8},"end":{"line":178,"column":54}},"type":"binary-expr","locations":[{"start":{"line":178,"column":8},"end":{"line":178,"column":17}},{"start":{"line":178,"column":17},"end":{"line":178,"column":30}},{"start":{"line":178,"column":30},"end":{"line":178,"column":43}},{"start":{"line":178,"column":43},"end":{"line":178,"column":54}}],"line":178},"28":{"loc":{"start":{"line":186,"column":18},"end":{"line":186,"column":null}},"type":"cond-expr","locations":[{"start":{"line":186,"column":29},"end":{"line":186,"column":52}},{"start":{"line":186,"column":52},"end":{"line":186,"column":null}}],"line":186},"29":{"loc":{"start":{"line":188,"column":4},"end":{"line":191,"column":null}},"type":"if","locations":[{"start":{"line":188,"column":4},"end":{"line":191,"column":null}},{"start":{},"end":{}}],"line":188},"30":{"loc":{"start":{"line":193,"column":25},"end":{"line":195,"column":null}},"type":"cond-expr","locations":[{"start":{"line":194,"column":8},"end":{"line":194,"column":null}},{"start":{"line":195,"column":8},"end":{"line":195,"column":null}}],"line":193},"31":{"loc":{"start":{"line":214,"column":4},"end":{"line":218,"column":null}},"type":"if","locations":[{"start":{"line":214,"column":4},"end":{"line":218,"column":null}},{"start":{},"end":{}}],"line":214},"32":{"loc":{"start":{"line":215,"column":13},"end":{"line":217,"column":null}},"type":"cond-expr","locations":[{"start":{"line":216,"column":10},"end":{"line":216,"column":null}},{"start":{"line":217,"column":10},"end":{"line":217,"column":null}}],"line":215},"33":{"loc":{"start":{"line":220,"column":11},"end":{"line":222,"column":null}},"type":"cond-expr","locations":[{"start":{"line":221,"column":8},"end":{"line":221,"column":null}},{"start":{"line":222,"column":8},"end":{"line":222,"column":null}}],"line":220},"34":{"loc":{"start":{"line":241,"column":4},"end":{"line":243,"column":null}},"type":"if","locations":[{"start":{"line":241,"column":4},"end":{"line":243,"column":null}},{"start":{},"end":{}}],"line":241},"35":{"loc":{"start":{"line":252,"column":4},"end":{"line":252,"column":null}},"type":"default-arg","locations":[{"start":{"line":252,"column":34},"end":{"line":252,"column":null}}],"line":252},"36":{"loc":{"start":{"line":256,"column":4},"end":{"line":258,"column":null}},"type":"if","locations":[{"start":{"line":256,"column":4},"end":{"line":258,"column":null}},{"start":{},"end":{}}],"line":256},"37":{"loc":{"start":{"line":270,"column":4},"end":{"line":278,"column":null}},"type":"if","locations":[{"start":{"line":270,"column":4},"end":{"line":278,"column":null}},{"start":{},"end":{}}],"line":270},"38":{"loc":{"start":{"line":271,"column":6},"end":{"line":277,"column":null}},"type":"if","locations":[{"start":{"line":271,"column":6},"end":{"line":277,"column":null}},{"start":{"line":273,"column":6},"end":{"line":277,"column":null}}],"line":271},"39":{"loc":{"start":{"line":272,"column":41},"end":{"line":272,"column":66}},"type":"cond-expr","locations":[{"start":{"line":272,"column":56},"end":{"line":272,"column":60}},{"start":{"line":272,"column":60},"end":{"line":272,"column":66}}],"line":272},"40":{"loc":{"start":{"line":273,"column":6},"end":{"line":277,"column":null}},"type":"if","locations":[{"start":{"line":273,"column":6},"end":{"line":277,"column":null}},{"start":{"line":275,"column":6},"end":{"line":277,"column":null}}],"line":273},"41":{"loc":{"start":{"line":275,"column":6},"end":{"line":277,"column":null}},"type":"if","locations":[{"start":{"line":275,"column":6},"end":{"line":277,"column":null}},{"start":{},"end":{}}],"line":275},"42":{"loc":{"start":{"line":281,"column":21},"end":{"line":283,"column":null}},"type":"cond-expr","locations":[{"start":{"line":282,"column":8},"end":{"line":282,"column":null}},{"start":{"line":283,"column":8},"end":{"line":283,"column":null}}],"line":281},"43":{"loc":{"start":{"line":289,"column":4},"end":{"line":294,"column":null}},"type":"if","locations":[{"start":{"line":289,"column":4},"end":{"line":294,"column":null}},{"start":{},"end":{}}],"line":289},"44":{"loc":{"start":{"line":291,"column":13},"end":{"line":293,"column":null}},"type":"cond-expr","locations":[{"start":{"line":292,"column":10},"end":{"line":292,"column":null}},{"start":{"line":293,"column":10},"end":{"line":293,"column":null}}],"line":291},"45":{"loc":{"start":{"line":302,"column":4},"end":{"line":302,"column":null}},"type":"default-arg","locations":[{"start":{"line":302,"column":34},"end":{"line":302,"column":null}}],"line":302},"46":{"loc":{"start":{"line":309,"column":4},"end":{"line":311,"column":null}},"type":"if","locations":[{"start":{"line":309,"column":4},"end":{"line":311,"column":null}},{"start":{},"end":{}}],"line":309}},"s":{"0":1,"1":1,"2":6,"3":1,"4":13,"5":4,"6":9,"7":4,"8":5,"9":3,"10":2,"11":16,"12":5,"13":16,"14":1,"15":16,"16":5,"17":11,"18":5,"19":6,"20":1,"21":5,"22":8,"23":1,"24":7,"25":7,"26":7,"27":3,"28":3,"29":2,"30":2,"31":1,"32":1,"33":1,"34":1,"35":6,"36":1,"37":1,"38":5,"39":5,"40":10,"41":10,"42":4,"43":12,"44":10,"45":10,"46":3,"47":3,"48":7,"49":7,"50":7,"51":7,"52":10,"53":1,"54":6,"55":11,"56":11,"57":11,"58":2,"59":2,"60":9,"61":9,"62":9,"63":9,"64":11,"65":8,"66":8,"67":8,"68":2,"69":2,"70":6,"71":6,"72":6,"73":6,"74":8,"75":2,"76":2,"77":4,"78":8,"79":8,"80":8,"81":8,"82":8,"83":1,"84":3,"85":3,"86":3,"87":3,"88":3,"89":3,"90":2,"91":2,"92":1,"93":1,"94":6,"95":6,"96":1,"97":5,"98":5,"99":5,"100":5,"101":5,"102":5,"103":5,"104":5,"105":5,"106":5,"107":3,"108":2,"109":1,"110":1,"111":1,"112":5,"113":5,"114":6,"115":6,"116":6,"117":6,"118":1,"119":1,"120":4,"121":2,"122":2,"123":1,"124":1},"f":{"0":1,"1":6,"2":1,"3":1,"4":1,"5":1,"6":1,"7":12,"8":1,"9":1,"10":1,"11":1,"12":1,"13":1},"b":{"0":[4,9],"1":[4,5],"2":[1,3],"3":[3,2],"4":[1,2],"5":[5,11],"6":[1,15],"7":[5,11],"8":[5,6],"9":[1,5],"10":[1,7],"11":[3,2,2,1,1,1],"12":[1,5],"13":[3,2],"14":[10],"15":[4,6],"16":[3,7],"17":[10,7,7,7],"18":[1,6],"19":[1,9],"20":[1,0],"21":[4,2],"22":[2,9],"23":[11,9,9,9],"24":[2,7],"25":[8],"26":[2,6],"27":[8,6,6,6],"28":[1,5],"29":[2,6],"30":[0,4],"31":[1,7],"32":[1,0],"33":[2,1],"34":[1,1],"35":[6],"36":[1,5],"37":[5,0],"38":[3,2],"39":[0,3],"40":[1,1],"41":[1,0],"42":[0,5],"43":[1,5],"44":[1,0],"45":[2],"46":[1,1]},"meta":{"lastBranch":47,"lastFunction":14,"lastStatement":125,"seen":{"f:10:9:10:26":0,"s:11:20:11:Infinity":0,"s:12:4:12:Infinity":1,"f:12:41:12:47":1,"s:12:47:12:86":2,"f:16:9:16:31":2,"s:17:4:19:Infinity":3,"f:23:9:23:27":3,"b:24:4:26:Infinity:undefined:undefined:undefined:undefined":0,"s:24:4:26:Infinity":4,"s:25:6:25:Infinity":5,"b:28:4:30:Infinity:undefined:undefined:undefined:undefined":1,"s:28:4:30:Infinity":6,"s:29:6:29:Infinity":7,"b:29:35:29:44:29:44:29:Infinity":2,"b:32:4:34:Infinity:undefined:undefined:undefined:undefined":3,"s:32:4:34:Infinity":8,"s:33:6:33:Infinity":9,"b:33:35:33:44:33:44:33:Infinity":4,"s:36:4:36:Infinity":10,"f:40:9:40:Infinity":4,"b:45:4:47:Infinity:undefined:undefined:undefined:undefined":5,"s:45:4:47:Infinity":11,"s:46:6:46:Infinity":12,"b:49:4:51:Infinity:undefined:undefined:undefined:undefined":6,"s:49:4:51:Infinity":13,"s:50:6:50:Infinity":14,"b:53:4:55:Infinity:undefined:undefined:undefined:undefined":7,"s:53:4:55:Infinity":15,"s:54:6:54:Infinity":16,"b:57:4:59:Infinity:undefined:undefined:undefined:undefined":8,"s:57:4:59:Infinity":17,"s:58:6:58:Infinity":18,"b:61:4:63:Infinity:undefined:undefined:undefined:undefined":9,"s:61:4:63:Infinity":19,"s:62:6:62:Infinity":20,"s:65:4:65:Infinity":21,"f:69:9:69:Infinity":5,"b:72:4:74:Infinity:undefined:undefined:undefined:undefined":10,"s:72:4:74:Infinity":22,"s:73:6:73:Infinity":23,"s:76:24:76:Infinity":24,"s:77:30:77:Infinity":25,"b:80:6:82:Infinity:83:6:83:Infinity:84:6:88:Infinity:89:6:89:Infinity:90:6:94:Infinity:95:6:97:Infinity":11,"s:79:4:98:Infinity":26,"s:81:8:81:Infinity":27,"s:82:8:82:Infinity":28,"s:85:8:87:Infinity":29,"s:88:8:88:Infinity":30,"s:91:8:93:Infinity":31,"s:94:8:94:Infinity":32,"s:96:8:96:Infinity":33,"s:97:8:97:Infinity":34,"b:100:4:103:Infinity:undefined:undefined:undefined:undefined":12,"s:100:4:103:Infinity":35,"s:101:6:101:Infinity":36,"s:102:6:102:Infinity":37,"s:105:10:106:Infinity":38,"s:107:4:107:Infinity":39,"b:107:30:107:39:107:39:107:Infinity":13,"f:112:9:112:Infinity":6,"b:114:34:114:Infinity":14,"s:116:23:116:Infinity":40,"b:118:4:123:Infinity:undefined:undefined:undefined:undefined":15,"s:118:4:123:Infinity":41,"s:119:6:122:Infinity":42,"f:121:13:121:14":7,"s:121:23:121:34":43,"s:125:18:125:Infinity":44,"b:127:4:130:Infinity:undefined:undefined:undefined:undefined":16,"s:127:4:130:Infinity":45,"b:127:8:127:17:127:17:127:30:127:30:127:43:127:43:127:54":17,"s:128:6:128:Infinity":46,"s:129:6:129:Infinity":47,"s:132:16:132:Infinity":48,"s:133:18:133:Infinity":49,"s:134:17:134:Infinity":50,"s:135:18:135:Infinity":51,"b:135:29:135:60:135:60:135:Infinity":18,"b:137:4:141:Infinity:undefined:undefined:undefined:undefined":19,"s:137:4:141:Infinity":52,"s:138:6:140:Infinity":53,"b:139:10:139:Infinity:140:10:140:Infinity":20,"s:143:4:145:Infinity":54,"b:144:8:144:Infinity:145:8:145:Infinity":21,"f:149:9:149:Infinity":8,"s:153:21:153:Infinity":55,"s:154:18:154:Infinity":56,"b:156:4:159:Infinity:undefined:undefined:undefined:undefined":22,"s:156:4:159:Infinity":57,"b:156:8:156:17:156:17:156:30:156:30:156:43:156:43:156:54":23,"s:157:6:157:Infinity":58,"s:158:6:158:Infinity":59,"s:161:16:161:Infinity":60,"s:162:18:162:Infinity":61,"s:163:17:163:Infinity":62,"s:164:18:164:Infinity":63,"b:164:29:164:52:164:52:164:Infinity":24,"s:166:4:166:Infinity":64,"f:170:9:170:Infinity":9,"b:172:34:172:Infinity":25,"s:175:21:175:Infinity":65,"s:176:18:176:Infinity":66,"b:178:4:181:Infinity:undefined:undefined:undefined:undefined":26,"s:178:4:181:Infinity":67,"b:178:8:178:17:178:17:178:30:178:30:178:43:178:43:178:54":27,"s:179:6:179:Infinity":68,"s:180:6:180:Infinity":69,"s:183:16:183:Infinity":70,"s:184:23:184:Infinity":71,"s:185:22:185:Infinity":72,"s:186:18:186:Infinity":73,"b:186:29:186:52:186:52:186:Infinity":28,"b:188:4:191:Infinity:undefined:undefined:undefined:undefined":29,"s:188:4:191:Infinity":74,"s:189:19:189:Infinity":75,"s:190:6:190:Infinity":76,"s:193:25:195:Infinity":77,"b:194:8:194:Infinity:195:8:195:Infinity":30,"s:196:25:196:Infinity":78,"s:198:16:202:Infinity":79,"s:203:18:207:Infinity":80,"s:208:17:212:Infinity":81,"b:214:4:218:Infinity:undefined:undefined:undefined:undefined":31,"s:214:4:218:Infinity":82,"s:215:6:217:Infinity":83,"b:216:10:216:Infinity:217:10:217:Infinity":32,"s:220:4:222:Infinity":84,"b:221:8:221:Infinity:222:8:222:Infinity":33,"f:227:9:227:18":10,"s:228:18:228:Infinity":85,"s:230:16:230:Infinity":86,"s:231:18:231:Infinity":87,"s:232:17:232:Infinity":88,"s:234:4:234:Infinity":89,"f:238:9:238:18":11,"s:239:16:239:Infinity":90,"b:241:4:243:Infinity:undefined:undefined:undefined:undefined":34,"s:241:4:243:Infinity":91,"s:242:6:242:Infinity":92,"s:245:4:245:Infinity":93,"f:250:9:250:Infinity":12,"b:252:34:252:Infinity":35,"s:254:16:254:Infinity":94,"b:256:4:258:Infinity:undefined:undefined:undefined:undefined":36,"s:256:4:258:Infinity":95,"s:257:6:257:Infinity":96,"s:260:18:260:Infinity":97,"s:261:16:261:Infinity":98,"s:262:18:262:Infinity":99,"s:263:17:263:Infinity":100,"s:265:25:265:Infinity":101,"s:266:25:266:Infinity":102,"s:267:18:267:Infinity":103,"s:269:14:269:Infinity":104,"b:270:4:278:Infinity:undefined:undefined:undefined:undefined":37,"s:270:4:278:Infinity":105,"b:271:6:277:Infinity:273:6:277:Infinity":38,"s:271:6:277:Infinity":106,"s:272:8:272:Infinity":107,"b:272:56:272:60:272:60:272:66":39,"b:273:6:277:Infinity:275:6:277:Infinity":40,"s:273:6:277:Infinity":108,"s:274:8:274:Infinity":109,"b:275:6:277:Infinity:undefined:undefined:undefined:undefined":41,"s:275:6:277:Infinity":110,"s:276:8:276:Infinity":111,"s:280:8:280:Infinity":112,"s:281:21:283:Infinity":113,"b:282:8:282:Infinity:283:8:283:Infinity":42,"s:285:4:285:Infinity":114,"s:286:4:286:Infinity":115,"s:287:4:287:Infinity":116,"b:289:4:294:Infinity:undefined:undefined:undefined:undefined":43,"s:289:4:294:Infinity":117,"s:290:20:290:Infinity":118,"s:291:6:293:Infinity":119,"b:292:10:292:Infinity:293:10:293:Infinity":44,"s:296:4:296:Infinity":120,"f:300:9:300:Infinity":13,"b:302:34:302:Infinity":45,"s:304:22:307:Infinity":121,"b:309:4:311:Infinity:undefined:undefined:undefined:undefined":46,"s:309:4:311:Infinity":122,"s:310:6:310:Infinity":123,"s:313:4:313:Infinity":124}}}
,"/Users/jsplettstoesser/Code/private/ts-helpers-2026/src/helper/cookie.helper.ts": {"path":"/Users/jsplettstoesser/Code/private/ts-helpers-2026/src/helper/cookie.helper.ts","statementMap":{"0":{"start":{"line":8,"column":62},"end":{"line":8,"column":null}},"1":{"start":{"line":10,"column":23},"end":{"line":10,"column":null}},"2":{"start":{"line":12,"column":4},"end":{"line":18,"column":null}},"3":{"start":{"line":14,"column":8},"end":{"line":16,"column":null}},"4":{"start":{"line":17,"column":6},"end":{"line":17,"column":null}},"5":{"start":{"line":20,"column":4},"end":{"line":20,"column":null}},"6":{"start":{"line":22,"column":4},"end":{"line":24,"column":null}},"7":{"start":{"line":23,"column":6},"end":{"line":23,"column":null}},"8":{"start":{"line":26,"column":4},"end":{"line":28,"column":null}},"9":{"start":{"line":27,"column":6},"end":{"line":27,"column":null}},"10":{"start":{"line":30,"column":4},"end":{"line":32,"column":null}},"11":{"start":{"line":31,"column":6},"end":{"line":31,"column":null}},"12":{"start":{"line":34,"column":4},"end":{"line":34,"column":null}},"13":{"start":{"line":38,"column":16},"end":{"line":38,"column":null}},"14":{"start":{"line":39,"column":20},"end":{"line":39,"column":null}},"15":{"start":{"line":41,"column":4},"end":{"line":45,"column":null}},"16":{"start":{"line":42,"column":6},"end":{"line":44,"column":null}},"17":{"start":{"line":43,"column":8},"end":{"line":43,"column":null}},"18":{"start":{"line":47,"column":4},"end":{"line":47,"column":null}},"19":{"start":{"line":51,"column":4},"end":{"line":52,"column":null}},"20":{"start":{"line":56,"column":43},"end":{"line":56,"column":null}},"21":{"start":{"line":58,"column":4},"end":{"line":60,"column":null}},"22":{"start":{"line":59,"column":6},"end":{"line":59,"column":null}},"23":{"start":{"line":62,"column":4},"end":{"line":72,"column":null}},"24":{"start":{"line":63,"column":20},"end":{"line":63,"column":null}},"25":{"start":{"line":65,"column":6},"end":{"line":67,"column":null}},"26":{"start":{"line":66,"column":8},"end":{"line":66,"column":null}},"27":{"start":{"line":69,"column":19},"end":{"line":69,"column":null}},"28":{"start":{"line":70,"column":20},"end":{"line":70,"column":null}},"29":{"start":{"line":71,"column":6},"end":{"line":71,"column":null}},"30":{"start":{"line":74,"column":4},"end":{"line":74,"column":null}},"31":{"start":{"line":78,"column":4},"end":{"line":78,"column":null}}},"fnMap":{"0":{"name":"(anonymous_0)","decl":{"start":{"line":7,"column":9},"end":{"line":7,"column":13}},"loc":{"start":{"line":7,"column":77},"end":{"line":35,"column":null}},"line":7},"1":{"name":"(anonymous_1)","decl":{"start":{"line":37,"column":9},"end":{"line":37,"column":13}},"loc":{"start":{"line":37,"column":42},"end":{"line":48,"column":null}},"line":37},"2":{"name":"(anonymous_2)","decl":{"start":{"line":50,"column":9},"end":{"line":50,"column":16}},"loc":{"start":{"line":50,"column":48},"end":{"line":53,"column":null}},"line":50},"3":{"name":"(anonymous_3)","decl":{"start":{"line":55,"column":9},"end":{"line":55,"column":42}},"loc":{"start":{"line":55,"column":42},"end":{"line":75,"column":null}},"line":55},"4":{"name":"(anonymous_4)","decl":{"start":{"line":77,"column":9},"end":{"line":77,"column":13}},"loc":{"start":{"line":77,"column":36},"end":{"line":79,"column":null}},"line":77}},"branchMap":{"0":{"loc":{"start":{"line":7,"column":42},"end":{"line":7,"column":77}},"type":"default-arg","locations":[{"start":{"line":7,"column":67},"end":{"line":7,"column":77}}],"line":7},"1":{"loc":{"start":{"line":8,"column":21},"end":{"line":8,"column":33}},"type":"default-arg","locations":[{"start":{"line":8,"column":28},"end":{"line":8,"column":33}}],"line":8},"2":{"loc":{"start":{"line":12,"column":4},"end":{"line":18,"column":null}},"type":"if","locations":[{"start":{"line":12,"column":4},"end":{"line":18,"column":null}},{"start":{},"end":{}}],"line":12},"3":{"loc":{"start":{"line":14,"column":8},"end":{"line":16,"column":null}},"type":"cond-expr","locations":[{"start":{"line":15,"column":12},"end":{"line":15,"column":null}},{"start":{"line":16,"column":12},"end":{"line":16,"column":null}}],"line":14},"4":{"loc":{"start":{"line":22,"column":4},"end":{"line":24,"column":null}},"type":"if","locations":[{"start":{"line":22,"column":4},"end":{"line":24,"column":null}},{"start":{},"end":{}}],"line":22},"5":{"loc":{"start":{"line":26,"column":4},"end":{"line":28,"column":null}},"type":"if","locations":[{"start":{"line":26,"column":4},"end":{"line":28,"column":null}},{"start":{},"end":{}}],"line":26},"6":{"loc":{"start":{"line":30,"column":4},"end":{"line":32,"column":null}},"type":"if","locations":[{"start":{"line":30,"column":4},"end":{"line":32,"column":null}},{"start":{},"end":{}}],"line":30},"7":{"loc":{"start":{"line":42,"column":6},"end":{"line":44,"column":null}},"type":"if","locations":[{"start":{"line":42,"column":6},"end":{"line":44,"column":null}},{"start":{},"end":{}}],"line":42},"8":{"loc":{"start":{"line":50,"column":30},"end":{"line":50,"column":48}},"type":"default-arg","locations":[{"start":{"line":50,"column":37},"end":{"line":50,"column":48}}],"line":50},"9":{"loc":{"start":{"line":58,"column":4},"end":{"line":60,"column":null}},"type":"if","locations":[{"start":{"line":58,"column":4},"end":{"line":60,"column":null}},{"start":{},"end":{}}],"line":58},"10":{"loc":{"start":{"line":65,"column":6},"end":{"line":67,"column":null}},"type":"if","locations":[{"start":{"line":65,"column":6},"end":{"line":67,"column":null}},{"start":{},"end":{}}],"line":65}},"s":{"0":12,"1":12,"2":12,"3":2,"4":2,"5":12,"6":12,"7":1,"8":12,"9":1,"10":12,"11":1,"12":12,"13":13,"14":13,"15":13,"16":13,"17":10,"18":3,"19":12,"20":2,"21":2,"22":1,"23":1,"24":2,"25":2,"26":0,"27":2,"28":2,"29":2,"30":1,"31":2},"f":{"0":1,"1":1,"2":1,"3":1,"4":1},"b":{"0":[12],"1":[12],"2":[2,10],"3":[1,1],"4":[1,11],"5":[1,11],"6":[1,11],"7":[10,3],"8":[12],"9":[1,1],"10":[0,2]},"meta":{"lastBranch":11,"lastFunction":5,"lastStatement":32,"seen":{"f:7:9:7:13":0,"b:7:67:7:77":0,"s:8:62:8:Infinity":0,"b:8:28:8:33":1,"s:10:23:10:Infinity":1,"b:12:4:18:Infinity:undefined:undefined:undefined:undefined":2,"s:12:4:18:Infinity":2,"s:14:8:16:Infinity":3,"b:15:12:15:Infinity:16:12:16:Infinity":3,"s:17:6:17:Infinity":4,"s:20:4:20:Infinity":5,"b:22:4:24:Infinity:undefined:undefined:undefined:undefined":4,"s:22:4:24:Infinity":6,"s:23:6:23:Infinity":7,"b:26:4:28:Infinity:undefined:undefined:undefined:undefined":5,"s:26:4:28:Infinity":8,"s:27:6:27:Infinity":9,"b:30:4:32:Infinity:undefined:undefined:undefined:undefined":6,"s:30:4:32:Infinity":10,"s:31:6:31:Infinity":11,"s:34:4:34:Infinity":12,"f:37:9:37:13":1,"s:38:16:38:Infinity":13,"s:39:20:39:Infinity":14,"s:41:4:45:Infinity":15,"b:42:6:44:Infinity:undefined:undefined:undefined:undefined":7,"s:42:6:44:Infinity":16,"s:43:8:43:Infinity":17,"s:47:4:47:Infinity":18,"f:50:9:50:16":2,"b:50:37:50:48":8,"s:51:4:52:Infinity":19,"f:55:9:55:42":3,"s:56:43:56:Infinity":20,"b:58:4:60:Infinity:undefined:undefined:undefined:undefined":9,"s:58:4:60:Infinity":21,"s:59:6:59:Infinity":22,"s:62:4:72:Infinity":23,"s:63:20:63:Infinity":24,"b:65:6:67:Infinity:undefined:undefined:undefined:undefined":10,"s:65:6:67:Infinity":25,"s:66:8:66:Infinity":26,"s:69:19:69:Infinity":27,"s:70:20:70:Infinity":28,"s:71:6:71:Infinity":29,"s:74:4:74:Infinity":30,"f:77:9:77:13":4,"s:78:4:78:Infinity":31}}}
,"/Users/jsplettstoesser/Code/private/ts-helpers-2026/src/helper/device-access.helper.ts": {"path":"/Users/jsplettstoesser/Code/private/ts-helpers-2026/src/helper/device-access.helper.ts","statementMap":{"0":{"start":{"line":4,"column":4},"end":{"line":4,"column":null}},"1":{"start":{"line":8,"column":4},"end":{"line":8,"column":null}},"2":{"start":{"line":12,"column":4},"end":{"line":12,"column":null}},"3":{"start":{"line":16,"column":4},"end":{"line":16,"column":null}},"4":{"start":{"line":20,"column":4},"end":{"line":20,"column":null}},"5":{"start":{"line":24,"column":4},"end":{"line":24,"column":null}},"6":{"start":{"line":28,"column":4},"end":{"line":28,"column":null}},"7":{"start":{"line":32,"column":4},"end":{"line":32,"column":null}},"8":{"start":{"line":36,"column":4},"end":{"line":36,"column":null}}},"fnMap":{"0":{"name":"(anonymous_0)","decl":{"start":{"line":3,"column":9},"end":{"line":3,"column":28}},"loc":{"start":{"line":3,"column":28},"end":{"line":5,"column":null}},"line":3},"1":{"name":"(anonymous_1)","decl":{"start":{"line":7,"column":9},"end":{"line":7,"column":35}},"loc":{"start":{"line":7,"column":35},"end":{"line":9,"column":null}},"line":7},"2":{"name":"(anonymous_2)","decl":{"start":{"line":11,"column":9},"end":{"line":11,"column":38}},"loc":{"start":{"line":11,"column":38},"end":{"line":13,"column":null}},"line":11},"3":{"name":"(anonymous_3)","decl":{"start":{"line":15,"column":9},"end":{"line":15,"column":40}},"loc":{"start":{"line":15,"column":40},"end":{"line":17,"column":null}},"line":15},"4":{"name":"(anonymous_4)","decl":{"start":{"line":19,"column":9},"end":{"line":19,"column":37}},"loc":{"start":{"line":19,"column":37},"end":{"line":21,"column":null}},"line":19},"5":{"name":"(anonymous_5)","decl":{"start":{"line":23,"column":9},"end":{"line":23,"column":31}},"loc":{"start":{"line":23,"column":31},"end":{"line":25,"column":null}},"line":23},"6":{"name":"(anonymous_6)","decl":{"start":{"line":27,"column":9},"end":{"line":27,"column":32}},"loc":{"start":{"line":27,"column":32},"end":{"line":29,"column":null}},"line":27},"7":{"name":"(anonymous_7)","decl":{"start":{"line":31,"column":9},"end":{"line":31,"column":34}},"loc":{"start":{"line":31,"column":34},"end":{"line":33,"column":null}},"line":31},"8":{"name":"(anonymous_8)","decl":{"start":{"line":35,"column":9},"end":{"line":35,"column":35}},"loc":{"start":{"line":35,"column":35},"end":{"line":37,"column":null}},"line":35}},"branchMap":{"0":{"loc":{"start":{"line":4,"column":4},"end":{"line":4,"column":null}},"type":"binary-expr","locations":[{"start":{"line":4,"column":4},"end":{"line":4,"column":52}},{"start":{"line":4,"column":52},"end":{"line":4,"column":null}}],"line":4},"1":{"loc":{"start":{"line":4,"column":13},"end":{"line":4,"column":46}},"type":"binary-expr","locations":[{"start":{"line":4,"column":13},"end":{"line":4,"column":41}},{"start":{"line":4,"column":41},"end":{"line":4,"column":46}}],"line":4},"2":{"loc":{"start":{"line":8,"column":11},"end":{"line":8,"column":null}},"type":"binary-expr","locations":[{"start":{"line":8,"column":11},"end":{"line":8,"column":39}},{"start":{"line":8,"column":39},"end":{"line":8,"column":null}}],"line":8}},"s":{"0":3,"1":3,"2":5,"3":4,"4":4,"5":2,"6":2,"7":1,"8":1},"f":{"0":1,"1":1,"2":1,"3":1,"4":1,"5":1,"6":1,"7":1,"8":1},"b":{"0":[3,2],"1":[3,2],"2":[3,2]},"meta":{"lastBranch":3,"lastFunction":9,"lastStatement":9,"seen":{"f:3:9:3:28":0,"s:4:4:4:Infinity":0,"b:4:4:4:52:4:52:4:Infinity":0,"b:4:13:4:41:4:41:4:46":1,"f:7:9:7:35":1,"s:8:4:8:Infinity":1,"b:8:11:8:39:8:39:8:Infinity":2,"f:11:9:11:38":2,"s:12:4:12:Infinity":2,"f:15:9:15:40":3,"s:16:4:16:Infinity":3,"f:19:9:19:37":4,"s:20:4:20:Infinity":4,"f:23:9:23:31":5,"s:24:4:24:Infinity":5,"f:27:9:27:32":6,"s:28:4:28:Infinity":6,"f:31:9:31:34":7,"s:32:4:32:Infinity":7,"f:35:9:35:35":8,"s:36:4:36:Infinity":8}}}
,"/Users/jsplettstoesser/Code/private/ts-helpers-2026/src/helper/dom.helper.ts": {"path":"/Users/jsplettstoesser/Code/private/ts-helpers-2026/src/helper/dom.helper.ts","statementMap":{"0":{"start":{"line":11,"column":4},"end":{"line":11,"column":null}},"1":{"start":{"line":20,"column":4},"end":{"line":22,"column":null}},"2":{"start":{"line":21,"column":6},"end":{"line":21,"column":null}},"3":{"start":{"line":24,"column":20},"end":{"line":24,"column":null}},"4":{"start":{"line":26,"column":4},"end":{"line":28,"column":null}},"5":{"start":{"line":27,"column":6},"end":{"line":27,"column":null}},"6":{"start":{"line":30,"column":4},"end":{"line":30,"column":null}},"7":{"start":{"line":39,"column":54},"end":{"line":39,"column":null}},"8":{"start":{"line":41,"column":4},"end":{"line":43,"column":null}},"9":{"start":{"line":42,"column":6},"end":{"line":42,"column":null}},"10":{"start":{"line":45,"column":4},"end":{"line":45,"column":null}},"11":{"start":{"line":53,"column":4},"end":{"line":55,"column":null}},"12":{"start":{"line":54,"column":6},"end":{"line":54,"column":null}},"13":{"start":{"line":57,"column":21},"end":{"line":57,"column":null}},"14":{"start":{"line":58,"column":21},"end":{"line":58,"column":null}},"15":{"start":{"line":60,"column":4},"end":{"line":62,"column":null}},"16":{"start":{"line":61,"column":6},"end":{"line":61,"column":null}},"17":{"start":{"line":64,"column":4},"end":{"line":64,"column":null}},"18":{"start":{"line":71,"column":4},"end":{"line":75,"column":null}},"19":{"start":{"line":72,"column":6},"end":{"line":72,"column":null}},"20":{"start":{"line":74,"column":6},"end":{"line":74,"column":null}},"21":{"start":{"line":82,"column":4},"end":{"line":86,"column":null}},"22":{"start":{"line":83,"column":6},"end":{"line":83,"column":null}},"23":{"start":{"line":85,"column":6},"end":{"line":85,"column":null}},"24":{"start":{"line":93,"column":4},"end":{"line":93,"column":null}},"25":{"start":{"line":100,"column":4},"end":{"line":106,"column":null}},"26":{"start":{"line":101,"column":6},"end":{"line":103,"column":null}},"27":{"start":{"line":102,"column":8},"end":{"line":102,"column":null}},"28":{"start":{"line":105,"column":6},"end":{"line":105,"column":null}},"29":{"start":{"line":115,"column":4},"end":{"line":118,"column":null}},"30":{"start":{"line":126,"column":4},"end":{"line":128,"column":null}},"31":{"start":{"line":127,"column":6},"end":{"line":127,"column":null}},"32":{"start":{"line":130,"column":4},"end":{"line":130,"column":null}},"33":{"start":{"line":137,"column":4},"end":{"line":137,"column":null}},"34":{"start":{"line":145,"column":4},"end":{"line":147,"column":null}},"35":{"start":{"line":146,"column":6},"end":{"line":146,"column":null}},"36":{"start":{"line":149,"column":20},"end":{"line":149,"column":null}},"37":{"start":{"line":151,"column":4},"end":{"line":200,"column":null}},"38":{"start":{"line":152,"column":6},"end":{"line":199,"column":null}},"39":{"start":{"line":154,"column":10},"end":{"line":156,"column":null}},"40":{"start":{"line":155,"column":12},"end":{"line":155,"column":null}},"41":{"start":{"line":158,"column":10},"end":{"line":158,"column":null}},"42":{"start":{"line":159,"column":10},"end":{"line":159,"column":null}},"43":{"start":{"line":161,"column":10},"end":{"line":163,"column":null}},"44":{"start":{"line":162,"column":12},"end":{"line":162,"column":null}},"45":{"start":{"line":165,"column":10},"end":{"line":165,"column":null}},"46":{"start":{"line":166,"column":10},"end":{"line":166,"column":null}},"47":{"start":{"line":168,"column":10},"end":{"line":170,"column":null}},"48":{"start":{"line":169,"column":12},"end":{"line":169,"column":null}},"49":{"start":{"line":172,"column":10},"end":{"line":172,"column":null}},"50":{"start":{"line":173,"column":10},"end":{"line":173,"column":null}},"51":{"start":{"line":175,"column":10},"end":{"line":177,"column":null}},"52":{"start":{"line":176,"column":12},"end":{"line":176,"column":null}},"53":{"start":{"line":179,"column":10},"end":{"line":179,"column":null}},"54":{"start":{"line":180,"column":10},"end":{"line":180,"column":null}},"55":{"start":{"line":182,"column":10},"end":{"line":184,"column":null}},"56":{"start":{"line":183,"column":12},"end":{"line":183,"column":null}},"57":{"start":{"line":186,"column":10},"end":{"line":190,"column":null}},"58":{"start":{"line":187,"column":12},"end":{"line":189,"column":null}},"59":{"start":{"line":188,"column":14},"end":{"line":188,"column":null}},"60":{"start":{"line":191,"column":10},"end":{"line":191,"column":null}},"61":{"start":{"line":193,"column":10},"end":{"line":195,"column":null}},"62":{"start":{"line":194,"column":12},"end":{"line":194,"column":null}},"63":{"start":{"line":197,"column":10},"end":{"line":197,"column":null}},"64":{"start":{"line":198,"column":10},"end":{"line":198,"column":null}},"65":{"start":{"line":202,"column":4},"end":{"line":204,"column":null}},"66":{"start":{"line":203,"column":6},"end":{"line":203,"column":null}},"67":{"start":{"line":206,"column":4},"end":{"line":206,"column":null}},"68":{"start":{"line":213,"column":4},"end":{"line":215,"column":null}},"69":{"start":{"line":214,"column":6},"end":{"line":214,"column":null}},"70":{"start":{"line":217,"column":4},"end":{"line":217,"column":null}},"71":{"start":{"line":225,"column":4},"end":{"line":227,"column":null}},"72":{"start":{"line":226,"column":6},"end":{"line":226,"column":null}},"73":{"start":{"line":229,"column":4},"end":{"line":229,"column":null}},"74":{"start":{"line":239,"column":4},"end":{"line":241,"column":null}},"75":{"start":{"line":240,"column":6},"end":{"line":240,"column":null}},"76":{"start":{"line":243,"column":30},"end":{"line":243,"column":null}},"77":{"start":{"line":244,"column":28},"end":{"line":244,"column":null}},"78":{"start":{"line":247,"column":4},"end":{"line":255,"column":null}},"79":{"start":{"line":248,"column":32},"end":{"line":248,"column":null}},"80":{"start":{"line":249,"column":6},"end":{"line":249,"column":null}},"81":{"start":{"line":250,"column":4},"end":{"line":255,"column":null}},"82":{"start":{"line":251,"column":29},"end":{"line":251,"column":null}},"83":{"start":{"line":252,"column":6},"end":{"line":252,"column":null}},"84":{"start":{"line":254,"column":6},"end":{"line":254,"column":null}},"85":{"start":{"line":258,"column":4},"end":{"line":260,"column":null}},"86":{"start":{"line":259,"column":6},"end":{"line":259,"column":null}},"87":{"start":{"line":262,"column":4},"end":{"line":267,"column":null}},"88":{"start":{"line":276,"column":4},"end":{"line":276,"column":null}},"89":{"start":{"line":277,"column":30},"end":{"line":277,"column":null}},"90":{"start":{"line":279,"column":4},"end":{"line":281,"column":null}},"91":{"start":{"line":280,"column":6},"end":{"line":280,"column":null}},"92":{"start":{"line":283,"column":4},"end":{"line":283,"column":null}},"93":{"start":{"line":287,"column":17},"end":{"line":287,"column":null}},"94":{"start":{"line":289,"column":4},"end":{"line":293,"column":null}},"95":{"start":{"line":302,"column":28},"end":{"line":302,"column":null}},"96":{"start":{"line":303,"column":10},"end":{"line":305,"column":null}},"97":{"start":{"line":307,"column":4},"end":{"line":310,"column":null}},"98":{"start":{"line":312,"column":4},"end":{"line":314,"column":null}},"99":{"start":{"line":313,"column":6},"end":{"line":313,"column":null}},"100":{"start":{"line":318,"column":15},"end":{"line":318,"column":null}},"101":{"start":{"line":320,"column":4},"end":{"line":326,"column":null}},"102":{"start":{"line":321,"column":6},"end":{"line":325,"column":null}},"103":{"start":{"line":322,"column":8},"end":{"line":322,"column":null}},"104":{"start":{"line":323,"column":6},"end":{"line":325,"column":null}},"105":{"start":{"line":324,"column":8},"end":{"line":324,"column":null}},"106":{"start":{"line":328,"column":4},"end":{"line":328,"column":null}},"107":{"start":{"line":332,"column":4},"end":{"line":332,"column":null}},"108":{"start":{"line":336,"column":4},"end":{"line":336,"column":null}},"109":{"start":{"line":336,"column":46},"end":{"line":336,"column":67}},"110":{"start":{"line":345,"column":4},"end":{"line":349,"column":null}},"111":{"start":{"line":354,"column":18},"end":{"line":354,"column":null}},"112":{"start":{"line":355,"column":18},"end":{"line":355,"column":null}},"113":{"start":{"line":357,"column":4},"end":{"line":357,"column":null}},"114":{"start":{"line":361,"column":4},"end":{"line":363,"column":null}},"115":{"start":{"line":362,"column":6},"end":{"line":362,"column":null}},"116":{"start":{"line":365,"column":4},"end":{"line":365,"column":null}}},"fnMap":{"0":{"name":"(anonymous_0)","decl":{"start":{"line":8,"column":9},"end":{"line":8,"column":null}},"loc":{"start":{"line":10,"column":13},"end":{"line":12,"column":null}},"line":10},"1":{"name":"(anonymous_1)","decl":{"start":{"line":15,"column":9},"end":{"line":15,"column":null}},"loc":{"start":{"line":19,"column":18},"end":{"line":31,"column":null}},"line":19},"2":{"name":"(anonymous_2)","decl":{"start":{"line":34,"column":9},"end":{"line":34,"column":null}},"loc":{"start":{"line":38,"column":39},"end":{"line":46,"column":null}},"line":38},"3":{"name":"(anonymous_3)","decl":{"start":{"line":41,"column":33},"end":{"line":41,"column":34}},"loc":{"start":{"line":41,"column":52},"end":{"line":43,"column":5}},"line":41},"4":{"name":"(anonymous_4)","decl":{"start":{"line":48,"column":9},"end":{"line":48,"column":null}},"loc":{"start":{"line":52,"column":15},"end":{"line":65,"column":null}},"line":52},"5":{"name":"(anonymous_5)","decl":{"start":{"line":67,"column":9},"end":{"line":67,"column":null}},"loc":{"start":{"line":70,"column":10},"end":{"line":76,"column":null}},"line":70},"6":{"name":"(anonymous_6)","decl":{"start":{"line":78,"column":9},"end":{"line":78,"column":null}},"loc":{"start":{"line":81,"column":10},"end":{"line":87,"column":null}},"line":81},"7":{"name":"(anonymous_7)","decl":{"start":{"line":89,"column":9},"end":{"line":89,"column":null}},"loc":{"start":{"line":92,"column":13},"end":{"line":94,"column":null}},"line":92},"8":{"name":"(anonymous_8)","decl":{"start":{"line":96,"column":9},"end":{"line":96,"column":null}},"loc":{"start":{"line":99,"column":10},"end":{"line":107,"column":null}},"line":99},"9":{"name":"(anonymous_9)","decl":{"start":{"line":101,"column":32},"end":{"line":101,"column":33}},"loc":{"start":{"line":101,"column":47},"end":{"line":103,"column":7}},"line":101},"10":{"name":"(anonymous_10)","decl":{"start":{"line":110,"column":9},"end":{"line":110,"column":null}},"loc":{"start":{"line":114,"column":10},"end":{"line":119,"column":null}},"line":114},"11":{"name":"(anonymous_11)","decl":{"start":{"line":121,"column":9},"end":{"line":121,"column":null}},"loc":{"start":{"line":125,"column":10},"end":{"line":131,"column":null}},"line":125},"12":{"name":"(anonymous_12)","decl":{"start":{"line":133,"column":9},"end":{"line":133,"column":null}},"loc":{"start":{"line":136,"column":10},"end":{"line":138,"column":null}},"line":136},"13":{"name":"(anonymous_13)","decl":{"start":{"line":140,"column":9},"end":{"line":140,"column":null}},"loc":{"start":{"line":144,"column":13},"end":{"line":207,"column":null}},"line":144},"14":{"name":"(anonymous_14)","decl":{"start":{"line":151,"column":47},"end":{"line":151,"column":48}},"loc":{"start":{"line":151,"column":65},"end":{"line":200,"column":5}},"line":151},"15":{"name":"(anonymous_15)","decl":{"start":{"line":186,"column":40},"end":{"line":186,"column":41}},"loc":{"start":{"line":186,"column":66},"end":{"line":190,"column":11}},"line":186},"16":{"name":"(anonymous_16)","decl":{"start":{"line":209,"column":9},"end":{"line":209,"column":null}},"loc":{"start":{"line":212,"column":10},"end":{"line":218,"column":null}},"line":212},"17":{"name":"(anonymous_17)","decl":{"start":{"line":220,"column":9},"end":{"line":220,"column":null}},"loc":{"start":{"line":224,"column":10},"end":{"line":230,"column":null}},"line":224},"18":{"name":"(anonymous_18)","decl":{"start":{"line":233,"column":9},"end":{"line":233,"column":null}},"loc":{"start":{"line":238,"column":17},"end":{"line":268,"column":null}},"line":238},"19":{"name":"(anonymous_19)","decl":{"start":{"line":271,"column":9},"end":{"line":271,"column":null}},"loc":{"start":{"line":275,"column":17},"end":{"line":284,"column":null}},"line":275},"20":{"name":"(anonymous_20)","decl":{"start":{"line":286,"column":9},"end":{"line":286,"column":51}},"loc":{"start":{"line":286,"column":78},"end":{"line":295,"column":null}},"line":286},"21":{"name":"(anonymous_21)","decl":{"start":{"line":297,"column":9},"end":{"line":297,"column":null}},"loc":{"start":{"line":301,"column":10},"end":{"line":315,"column":null}},"line":301},"22":{"name":"(anonymous_22)","decl":{"start":{"line":317,"column":9},"end":{"line":317,"column":30}},"loc":{"start":{"line":317,"column":52},"end":{"line":329,"column":null}},"line":317},"23":{"name":"(anonymous_23)","decl":{"start":{"line":331,"column":9},"end":{"line":331,"column":46}},"loc":{"start":{"line":331,"column":73},"end":{"line":333,"column":null}},"line":331},"24":{"name":"(anonymous_24)","decl":{"start":{"line":335,"column":9},"end":{"line":335,"column":50}},"loc":{"start":{"line":335,"column":82},"end":{"line":337,"column":null}},"line":335},"25":{"name":"(anonymous_25)","decl":{"start":{"line":336,"column":24},"end":{"line":336,"column":25}},"loc":{"start":{"line":336,"column":46},"end":{"line":336,"column":67}},"line":336},"26":{"name":"(anonymous_26)","decl":{"start":{"line":339,"column":9},"end":{"line":339,"column":null}},"loc":{"start":{"line":344,"column":13},"end":{"line":351,"column":null}},"line":344},"27":{"name":"(anonymous_27)","decl":{"start":{"line":353,"column":9},"end":{"line":353,"column":23}},"loc":{"start":{"line":353,"column":78},"end":{"line":358,"column":null}},"line":353},"28":{"name":"(anonymous_28)","decl":{"start":{"line":360,"column":9},"end":{"line":360,"column":54}},"loc":{"start":{"line":360,"column":81},"end":{"line":366,"column":null}},"line":360}},"branchMap":{"0":{"loc":{"start":{"line":18,"column":4},"end":{"line":18,"column":null}},"type":"default-arg","locations":[{"start":{"line":18,"column":13},"end":{"line":18,"column":null}}],"line":18},"1":{"loc":{"start":{"line":20,"column":4},"end":{"line":22,"column":null}},"type":"if","locations":[{"start":{"line":20,"column":4},"end":{"line":22,"column":null}},{"start":{},"end":{}}],"line":20},"2":{"loc":{"start":{"line":20,"column":8},"end":{"line":20,"column":40}},"type":"binary-expr","locations":[{"start":{"line":20,"column":8},"end":{"line":20,"column":18}},{"start":{"line":20,"column":18},"end":{"line":20,"column":40}}],"line":20},"3":{"loc":{"start":{"line":26,"column":4},"end":{"line":28,"column":null}},"type":"if","locations":[{"start":{"line":26,"column":4},"end":{"line":28,"column":null}},{"start":{},"end":{}}],"line":26},"4":{"loc":{"start":{"line":26,"column":8},"end":{"line":26,"column":28}},"type":"binary-expr","locations":[{"start":{"line":26,"column":8},"end":{"line":26,"column":18}},{"start":{"line":26,"column":18},"end":{"line":26,"column":28}}],"line":26},"5":{"loc":{"start":{"line":37,"column":4},"end":{"line":37,"column":null}},"type":"default-arg","locations":[{"start":{"line":37,"column":13},"end":{"line":37,"column":null}}],"line":37},"6":{"loc":{"start":{"line":51,"column":4},"end":{"line":51,"column":null}},"type":"default-arg","locations":[{"start":{"line":51,"column":13},"end":{"line":51,"column":null}}],"line":51},"7":{"loc":{"start":{"line":53,"column":4},"end":{"line":55,"column":null}},"type":"if","locations":[{"start":{"line":53,"column":4},"end":{"line":55,"column":null}},{"start":{},"end":{}}],"line":53},"8":{"loc":{"start":{"line":53,"column":8},"end":{"line":53,"column":40}},"type":"binary-expr","locations":[{"start":{"line":53,"column":8},"end":{"line":53,"column":18}},{"start":{"line":53,"column":18},"end":{"line":53,"column":40}}],"line":53},"9":{"loc":{"start":{"line":60,"column":4},"end":{"line":62,"column":null}},"type":"if","locations":[{"start":{"line":60,"column":4},"end":{"line":62,"column":null}},{"start":{},"end":{}}],"line":60},"10":{"loc":{"start":{"line":60,"column":8},"end":{"line":60,"column":41}},"type":"binary-expr","locations":[{"start":{"line":60,"column":8},"end":{"line":60,"column":18}},{"start":{"line":60,"column":18},"end":{"line":60,"column":41}}],"line":60},"11":{"loc":{"start":{"line":71,"column":4},"end":{"line":75,"column":null}},"type":"if","locations":[{"start":{"line":71,"column":4},"end":{"line":75,"column":null}},{"start":{"line":73,"column":11},"end":{"line":75,"column":null}}],"line":71},"12":{"loc":{"start":{"line":82,"column":4},"end":{"line":86,"column":null}},"type":"if","locations":[{"start":{"line":82,"column":4},"end":{"line":86,"column":null}},{"start":{"line":84,"column":11},"end":{"line":86,"column":null}}],"line":82},"13":{"loc":{"start":{"line":100,"column":4},"end":{"line":106,"column":null}},"type":"if","locations":[{"start":{"line":100,"column":4},"end":{"line":106,"column":null}},{"start":{"line":104,"column":11},"end":{"line":106,"column":null}}],"line":100},"14":{"loc":{"start":{"line":126,"column":4},"end":{"line":128,"column":null}},"type":"if","locations":[{"start":{"line":126,"column":4},"end":{"line":128,"column":null}},{"start":{},"end":{}}],"line":126},"15":{"loc":{"start":{"line":142,"column":4},"end":{"line":142,"column":null}},"type":"default-arg","locations":[{"start":{"line":142,"column":36},"end":{"line":142,"column":null}}],"line":142},"16":{"loc":{"start":{"line":143,"column":4},"end":{"line":143,"column":null}},"type":"default-arg","locations":[{"start":{"line":143,"column":28},"end":{"line":143,"column":null}}],"line":143},"17":{"loc":{"start":
[...]
,"/Users/jsplettstoesser/Code/private/ts-helpers-2026/src/helper/validation.helper.ts": {"path":"/Users/jsplettstoesser/Code/private/ts-helpers-2026/src/helper/validation.helper.ts","statementMap":{"0":{"start":{"line":6,"column":23},"end":{"line":6,"column":null}},"1":{"start":{"line":7,"column":4},"end":{"line":7,"column":null}},"2":{"start":{"line":11,"column":4},"end":{"line":16,"column":null}},"3":{"start":{"line":12,"column":18},"end":{"line":12,"column":null}},"4":{"start":{"line":13,"column":6},"end":{"line":13,"column":null}},"5":{"start":{"line":15,"column":6},"end":{"line":15,"column":null}},"6":{"start":{"line":20,"column":4},"end":{"line":20,"column":null}},"7":{"start":{"line":24,"column":4},"end":{"line":24,"column":null}},"8":{"start":{"line":28,"column":4},"end":{"line":28,"column":null}},"9":{"start":{"line":32,"column":4},"end":{"line":32,"column":null}},"10":{"start":{"line":36,"column":4},"end":{"line":36,"column":null}},"11":{"start":{"line":40,"column":20},"end":{"line":40,"column":null}},"12":{"start":{"line":42,"column":4},"end":{"line":44,"column":null}},"13":{"start":{"line":43,"column":6},"end":{"line":43,"column":null}},"14":{"start":{"line":47,"column":23},"end":{"line":47,"column":null}},"15":{"start":{"line":48,"column":20},"end":{"line":50,"column":null}},"16":{"start":{"line":49,"column":6},"end":{"line":49,"column":null}},"17":{"start":{"line":53,"column":20},"end":{"line":53,"column":null}},"18":{"start":{"line":54,"column":4},"end":{"line":56,"column":null}},"19":{"start":{"line":54,"column":17},"end":{"line":54,"column":20}},"20":{"start":{"line":55,"column":6},"end":{"line":55,"column":null}},"21":{"start":{"line":58,"column":4},"end":{"line":58,"column":null}}},"fnMap":{"0":{"name":"(anonymous_0)","decl":{"start":{"line":5,"column":9},"end":{"line":5,"column":22}},"loc":{"start":{"line":5,"column":46},"end":{"line":8,"column":null}},"line":5},"1":{"name":"(anonymous_1)","decl":{"start":{"line":10,"column":9},"end":{"line":10,"column":15}},"loc":{"start":{"line":10,"column":40},"end":{"line":17,"column":null}},"line":10},"2":{"name":"(anonymous_2)","decl":{"start":{"line":19,"column":9},"end":{"line":19,"column":23}},"loc":{"start":{"line":19,"column":48},"end":{"line":21,"column":null}},"line":19},"3":{"name":"(anonymous_3)","decl":{"start":{"line":23,"column":9},"end":{"line":23,"column":19}},"loc":{"start":{"line":23,"column":44},"end":{"line":25,"column":null}},"line":23},"4":{"name":"(anonymous_4)","decl":{"start":{"line":27,"column":9},"end":{"line":27,"column":19}},"loc":{"start":{"line":27,"column":70},"end":{"line":29,"column":null}},"line":27},"5":{"name":"(anonymous_5)","decl":{"start":{"line":31,"column":9},"end":{"line":31,"column":16}},"loc":{"start":{"line":31,"column":41},"end":{"line":33,"column":null}},"line":31},"6":{"name":"(anonymous_6)","decl":{"start":{"line":35,"column":9},"end":{"line":35,"column":15}},"loc":{"start":{"line":35,"column":40},"end":{"line":37,"column":null}},"line":35},"7":{"name":"(anonymous_7)","decl":{"start":{"line":39,"column":9},"end":{"line":39,"column":16}},"loc":{"start":{"line":39,"column":41},"end":{"line":59,"column":null}},"line":39},"8":{"name":"(anonymous_8)","decl":{"start":{"line":48,"column":49},"end":{"line":48,"column":50}},"loc":{"start":{"line":49,"column":6},"end":{"line":49,"column":null}},"line":49}},"branchMap":{"0":{"loc":{"start":{"line":13,"column":13},"end":{"line":13,"column":null}},"type":"binary-expr","locations":[{"start":{"line":13,"column":13},"end":{"line":13,"column":41}},{"start":{"line":13,"column":41},"end":{"line":13,"column":null}}],"line":13},"1":{"loc":{"start":{"line":24,"column":11},"end":{"line":24,"column":null}},"type":"binary-expr","locations":[{"start":{"line":24,"column":11},"end":{"line":24,"column":35}},{"start":{"line":24,"column":35},"end":{"line":24,"column":null}}],"line":24},"2":{"loc":{"start":{"line":28,"column":11},"end":{"line":28,"column":null}},"type":"binary-expr","locations":[{"start":{"line":28,"column":11},"end":{"line":28,"column":28}},{"start":{"line":28,"column":28},"end":{"line":28,"column":null}}],"line":28},"3":{"loc":{"start":{"line":42,"column":4},"end":{"line":44,"column":null}},"type":"if","locations":[{"start":{"line":42,"column":4},"end":{"line":44,"column":null}},{"start":{},"end":{}}],"line":42}},"s":{"0":5,"1":5,"2":4,"3":4,"4":4,"5":1,"6":4,"7":5,"8":5,"9":3,"10":2,"11":4,"12":4,"13":1,"14":3,"15":3,"16":6,"17":3,"18":3,"19":3,"20":72,"21":3},"f":{"0":1,"1":1,"2":1,"3":1,"4":1,"5":1,"6":1,"7":1,"8":6},"b":{"0":[4,2],"1":[5,3],"2":[5,4],"3":[1,3]},"meta":{"lastBranch":4,"lastFunction":9,"lastStatement":22,"seen":{"f:5:9:5:22":0,"s:6:23:6:Infinity":0,"s:7:4:7:Infinity":1,"f:10:9:10:15":1,"s:11:4:16:Infinity":2,"s:12:18:12:Infinity":3,"s:13:6:13:Infinity":4,"b:13:13:13:41:13:41:13:Infinity":0,"s:15:6:15:Infinity":5,"f:19:9:19:23":2,"s:20:4:20:Infinity":6,"f:23:9:23:19":3,"s:24:4:24:Infinity":7,"b:24:11:24:35:24:35:24:Infinity":1,"f:27:9:27:19":4,"s:28:4:28:Infinity":8,"b:28:11:28:28:28:28:28:Infinity":2,"f:31:9:31:16":5,"s:32:4:32:Infinity":9,"f:35:9:35:15":6,"s:36:4:36:Infinity":10,"f:39:9:39:16":7,"s:40:20:40:Infinity":11,"b:42:4:44:Infinity:undefined:undefined:undefined:undefined":3,"s:42:4:44:Infinity":12,"s:43:6:43:Infinity":13,"s:47:23:47:Infinity":14,"s:48:20:50:Infinity":15,"f:48:49:48:50":8,"s:49:6:49:Infinity":16,"s:53:20:53:Infinity":17,"s:54:4:56:Infinity":18,"s:54:17:54:20":19,"s:55:6:55:Infinity":20,"s:58:4:58:Infinity":21}}}
,"/Users/jsplettstoesser/Code/private/ts-helpers-2026/src/helper/viewport-access.helper.ts": {"path":"/Users/jsplettstoesser/Code/private/ts-helpers-2026/src/helper/viewport-access.helper.ts","statementMap":{"0":{"start":{"line":8,"column":51},"end":{"line":18,"column":null}},"1":{"start":{"line":21,"column":28},"end":{"line":21,"column":null}},"2":{"start":{"line":22,"column":4},"end":{"line":22,"column":null}},"3":{"start":{"line":29,"column":31},"end":{"line":29,"column":null}},"4":{"start":{"line":30,"column":31},"end":{"line":30,"column":null}},"5":{"start":{"line":33,"column":4},"end":{"line":33,"column":null}},"6":{"start":{"line":40,"column":4},"end":{"line":40,"column":null}},"7":{"start":{"line":40,"column":53},"end":{"line":40,"column":68}},"8":{"start":{"line":44,"column":4},"end":{"line":46,"column":null}},"9":{"start":{"line":45,"column":6},"end":{"line":45,"column":null}},"10":{"start":{"line":48,"column":4},"end":{"line":50,"column":null}},"11":{"start":{"line":49,"column":6},"end":{"line":49,"column":null}},"12":{"start":{"line":52,"column":4},"end":{"line":54,"column":null}},"13":{"start":{"line":53,"column":6},"end":{"line":53,"column":null}},"14":{"start":{"line":56,"column":4},"end":{"line":58,"column":null}},"15":{"start":{"line":57,"column":6},"end":{"line":57,"column":null}},"16":{"start":{"line":60,"column":4},"end":{"line":62,"column":null}},"17":{"start":{"line":61,"column":6},"end":{"line":61,"column":null}},"18":{"start":{"line":64,"column":4},"end":{"line":66,"column":null}},"19":{"start":{"line":65,"column":6},"end":{"line":65,"column":null}},"20":{"start":{"line":68,"column":4},"end":{"line":70,"column":null}},"21":{"start":{"line":69,"column":6},"end":{"line":69,"column":null}},"22":{"start":{"line":72,"column":4},"end":{"line":74,"column":null}},"23":{"start":{"line":73,"column":6},"end":{"line":73,"column":null}},"24":{"start":{"line":76,"column":4},"end":{"line":78,"column":null}},"25":{"start":{"line":77,"column":6},"end":{"line":77,"column":null}},"26":{"start":{"line":80,"column":4},"end":{"line":80,"column":null}},"27":{"start":{"line":84,"column":26},"end":{"line":84,"column":null}},"28":{"start":{"line":85,"column":4},"end":{"line":85,"column":null}},"29":{"start":{"line":89,"column":26},"end":{"line":89,"column":null}},"30":{"start":{"line":90,"column":4},"end":{"line":90,"column":null}},"31":{"start":{"line":94,"column":26},"end":{"line":94,"column":null}},"32":{"start":{"line":95,"column":4},"end":{"line":95,"column":null}},"33":{"start":{"line":99,"column":26},"end":{"line":99,"column":null}},"34":{"start":{"line":100,"column":4},"end":{"line":100,"column":null}},"35":{"start":{"line":104,"column":26},"end":{"line":104,"column":null}},"36":{"start":{"line":105,"column":4},"end":{"line":105,"column":null}},"37":{"start":{"line":109,"column":26},"end":{"line":109,"column":null}},"38":{"start":{"line":110,"column":4},"end":{"line":110,"column":null}},"39":{"start":{"line":114,"column":26},"end":{"line":114,"column":null}},"40":{"start":{"line":115,"column":4},"end":{"line":115,"column":null}},"41":{"start":{"line":119,"column":26},"end":{"line":119,"column":null}},"42":{"start":{"line":120,"column":4},"end":{"line":120,"column":null}},"43":{"start":{"line":124,"column":26},"end":{"line":124,"column":null}},"44":{"start":{"line":125,"column":4},"end":{"line":125,"column":null}},"45":{"start":{"line":129,"column":26},"end":{"line":129,"column":null}},"46":{"start":{"line":130,"column":4},"end":{"line":130,"column":null}},"47":{"start":{"line":134,"column":4},"end":{"line":134,"column":null}},"48":{"start":{"line":138,"column":4},"end":{"line":138,"column":null}}},"fnMap":{"0":{"name":"(anonymous_0)","decl":{"start":{"line":20,"column":9},"end":{"line":20,"column":23}},"loc":{"start":{"line":20,"column":90},"end":{"line":23,"column":null}},"line":20},"1":{"name":"(anonymous_1)","decl":{"start":{"line":25,"column":9},"end":{"line":25,"column":null}},"loc":{"start":{"line":28,"column":20},"end":{"line":34,"column":null}},"line":28},"2":{"name":"(anonymous_2)","decl":{"start":{"line":36,"column":9},"end":{"line":36,"column":null}},"loc":{"start":{"line":39,"column":10},"end":{"line":41,"column":null}},"line":39},"3":{"name":"(anonymous_3)","decl":{"start":{"line":40,"column":42},"end":{"line":40,"column":43}},"loc":{"start":{"line":40,"column":53},"end":{"line":40,"column":68}},"line":40},"4":{"name":"(anonymous_4)","decl":{"start":{"line":43,"column":9},"end":{"line":43,"column":38}},"loc":{"start":{"line":43,"column":38},"end":{"line":81,"column":null}},"line":43},"5":{"name":"(anonymous_5)","decl":{"start":{"line":83,"column":9},"end":{"line":83,"column":25}},"loc":{"start":{"line":83,"column":25},"end":{"line":86,"column":null}},"line":83},"6":{"name":"(anonymous_6)","decl":{"start":{"line":88,"column":9},"end":{"line":88,"column":25}},"loc":{"start":{"line":88,"column":25},"end":{"line":91,"column":null}},"line":88},"7":{"name":"(anonymous_7)","decl":{"start":{"line":93,"column":9},"end":{"line":93,"column":25}},"loc":{"start":{"line":93,"column":25},"end":{"line":96,"column":null}},"line":93},"8":{"name":"(anonymous_8)","decl":{"start":{"line":98,"column":9},"end":{"line":98,"column":25}},"loc":{"start":{"line":98,"column":25},"end":{"line":101,"column":null}},"line":98},"9":{"name":"(anonymous_9)","decl":{"start":{"line":103,"column":9},"end":{"line":103,"column":25}},"loc":{"start":{"line":103,"column":25},"end":{"line":106,"column":null}},"line":103},"10":{"name":"(anonymous_10)","decl":{"start":{"line":108,"column":9},"end":{"line":108,"column":26}},"loc":{"start":{"line":108,"column":26},"end":{"line":111,"column":null}},"line":108},"11":{"name":"(anonymous_11)","decl":{"start":{"line":113,"column":9},"end":{"line":113,"column":26}},"loc":{"start":{"line":113,"column":26},"end":{"line":116,"column":null}},"line":113},"12":{"name":"(anonymous_12)","decl":{"start":{"line":118,"column":9},"end":{"line":118,"column":26}},"loc":{"start":{"line":118,"column":26},"end":{"line":121,"column":null}},"line":118},"13":{"name":"(anonymous_13)","decl":{"start":{"line":123,"column":9},"end":{"line":123,"column":26}},"loc":{"start":{"line":123,"column":26},"end":{"line":126,"column":null}},"line":123},"14":{"name":"(anonymous_14)","decl":{"start":{"line":128,"column":9},"end":{"line":128,"column":26}},"loc":{"start":{"line":128,"column":26},"end":{"line":131,"column":null}},"line":128},"15":{"name":"(anonymous_15)","decl":{"start":{"line":133,"column":9},"end":{"line":133,"column":17}},"loc":{"start":{"line":133,"column":50},"end":{"line":135,"column":null}},"line":133},"16":{"name":"(anonymous_16)","decl":{"start":{"line":137,"column":9},"end":{"line":137,"column":17}},"loc":{"start":{"line":137,"column":50},"end":{"line":139,"column":null}},"line":137}},"branchMap":{"0":{"loc":{"start":{"line":20,"column":47},"end":{"line":20,"column":90}},"type":"default-arg","locations":[{"start":{"line":20,"column":67},"end":{"line":20,"column":90}}],"line":20},"1":{"loc":{"start":{"line":44,"column":4},"end":{"line":46,"column":null}},"type":"if","locations":[{"start":{"line":44,"column":4},"end":{"line":46,"column":null}},{"start":{},"end":{}}],"line":44},"2":{"loc":{"start":{"line":48,"column":4},"end":{"line":50,"column":null}},"type":"if","locations":[{"start":{"line":48,"column":4},"end":{"line":50,"column":null}},{"start":{},"end":{}}],"line":48},"3":{"loc":{"start":{"line":52,"column":4},"end":{"line":54,"column":null}},"type":"if","locations":[{"start":{"line":52,"column":4},"end":{"line":54,"column":null}},{"start":{},"end":{}}],"line":52},"4":{"loc":{"start":{"line":56,"column":4},"end":{"line":58,"column":null}},"type":"if","locations":[{"start":{"line":56,"column":4},"end":{"line":58,"column":null}},{"start":{},"end":{}}],"line":56},"5":{"loc":{"start":{"line":60,"column":4},"end":{"line":62,"column":null}},"type":"if","locations":[{"start":{"line":60,"column":4},"end":{"line":62,"column":null}},{"start":{},"end":{}}],"line":60},"6":{"loc":{"start":{"line":64,"column":4},"end":{"line":66,"column":null}},"type":"if","locations":[{"start":{"line":64,"column":4},"end":{"line":66,"column":null}},{"start":{},"end":{}}],"line":64},"7":{"loc":{"start":{"line":68,"column":4},"end":{"line":70,"column":null}},"type":"if","locations":[{"start":{"line":68,"column":4},"end":{"line":70,"column":null}},{"start":{},"end":{}}],"line":68},"8":{"loc":{"start":{"line":72,"column":4},"end":{"line":74,"column":null}},"type":"if","locations":[{"start":{"line":72,"column":4},"end":{"line":74,"column":null}},{"start":{},"end":{}}],"line":72},"9":{"loc":{"start":{"line":76,"column":4},"end":{"line":78,"column":null}},"type":"if","locations":[{"start":{"line":76,"column":4},"end":{"line":78,"column":null}},{"start":{},"end":{}}],"line":76},"10":{"loc":{"start":{"line":90,"column":11},"end":{"line":90,"column":null}},"type":"binary-expr","locations":[{"start":{"line":90,"column":11},"end":{"line":90,"column":51}},{"start":{"line":90,"column":51},"end":{"line":90,"column":null}}],"line":90},"11":{"loc":{"start":{"line":95,"column":11},"end":{"line":95,"column":null}},"type":"binary-expr","locations":[{"start":{"line":95,"column":11},"end":{"line":95,"column":51}},{"start":{"line":95,"column":51},"end":{"line":95,"column":null}}],"line":95},"12":{"loc":{"start":{"line":100,"column":11},"end":{"line":100,"column":null}},"type":"binary-expr","locations":[{"start":{"line":100,"column":11},"end":{"line":100,"column":51}},{"start":{"line":100,"column":51},"end":{"line":100,"column":null}}],"line":100},"13":{"loc":{"start":{"line":105,"column":11},"end":{"line":105,"column":null}},"type":"binary-expr","locations":[{"start":{"line":105,"column":11},"end":{"line":105,"column":51}},{"start":{"line":105,"column":51},"end":{"line":105,"column":null}}],"line":105},"14":{"loc":{"start":{"line":110,"column":11},"end":{"line":110,"column":null}},"type":"binary-expr","locations":[{"start":{"line":110,"column":11},"end":{"line":110,"column":52}},{"start":{"line":110,"column":52},"end":{"line":110,"column":null}}],"line":110},"15":{"loc":{"start":{"line":115,"column":11},"end":{"line":115,"column":null}},"type":"binary-expr","locations":[{"start":{"line":115,"column":11},"end":{"line":115,"column":55}},{"start":{"line":115,"column":55},"end":{"line":115,"column":null}}],"line":115},"16":{"loc":{"start":{"line":120,"column":11},"end":{"line":120,"column":null}},"type":"binary-expr","locations":[{"start":{"line":120,"column":11},"end":{"line":120,"column":52}},{"start":{"line":120,"column":52},"end":{"line":120,"column":null}}],"line":120},"17":{"loc":{"start":{"line":125,"column":11},"end":{"line":125,"column":null}},"type":"binary-expr","locations":[{"start":{"line":125,"column":11},"end":{"line":125,"column":52}},{"start":{"line":125,"column":52},"end":{"line":125,"column":null}}],"line":125}},"s":{"0":1,"1":2,"2":2,"3":1,"4":1,"5":1,"6":1,"7":1,"8":10,"9":1,"10":9,"11":1,"12":8,"13":1,"14":7,"15":1,"16":6,"17":1,"18":5,"19":1,"20":4,"21":1,"22":3,"23":1,"24":2,"25":1,"26":1,"27":2,"28":2,"29":4,"30":4,"31":4,"32":4,"33":5,"34":5,"35":6,"36":6,"37":7,"38":7,"39":8,"40":8,"41":9,"42":9,"43":10,"44":10,"45":11,"46":11,"47":2,"48":2},"f":{"0":1,"1":1,"2":1,"3":1,"4":1,"5":1,"6":1,"7":1,"8":1,"9":1,"10":1,"11":1,"12":1,"13":1,"14":1,"15":1,"16":1},"b":{"0":[2],"1":[1,9],"2":[1,8],"3":[1,7],"4":[1,6],"5":[1,5],"6":[1,4],"7":[1,3],"8":[1,2],"9":[1,1],"10":[4,2],"11":[4,2],"12":[5,2],"13":[6,2],"14":[7,2],"15":[8,2],"16":[9,2],"17":[10,2]},"meta":{"lastBranch":18,"lastFunction":17,"lastStatement":49,"seen":{"s:8:51:18:Infinity":0,"f:20:9:20:23":0,"b:20:67:20:90":0,"s:21:28:21:Infinity":1,"s:22:4:22:Infinity":2,"f:25:9:25:Infinity":1,"s:29:31:29:Infinity":3,"s:30:31:30:Infinity":4,"s:33:4:33:Infinity":5,"f:36:9:36:Infinity":2,"s:40:4:40:Infinity":6,"f:40:42:40:43":3,"s:40:53:40:68":7,"f:43:9:43:38":4,"b:44:4:46:Infinity:undefined:undefined:undefined:undefined":1,"s:44:4:46:Infinity":8,"s:45:6:45:Infinity":9,"b:48:4:50:Infinity:undefined:undefined:undefined:undefined":2,"s:48:4:50:Infinity":10,"s:49:6:49:Infinity":11,"b:52:4:54:Infinity:undefined:undefined:undefined:undefined":3,"s:52:4:54:Infinity":12,"s:53:6:53:Infinity":13,"b:56:4:58:Infinity:undefined:undefined:undefined:undefined":4,"s:56:4:58:Infinity":14,"s:57:6:57:Infinity":15,"b:60:4:62:Infinity:undefined:undefined:undefined:undefined":5,"s:60:4:62:Infinity":16,"s:61:6:61:Infinity":17,"b:64:4:66:Infinity:undefined:undefined:undefined:undefined":6,"s:64:4:66:Infinity":18,"s:65:6:65:Infinity":19,"b:68:4:70:Infinity:undefined:undefined:undefined:undefined":7,"s:68:4:70:Infinity":20,"s:69:6:69:Infinity":21,"b:72:4:74:Infinity:undefined:undefined:undefined:undefined":8,"s:72:4:74:Infinity":22,"s:73:6:73:Infinity":23,"b:76:4:78:Infinity:undefined:undefined:undefined:undefined":9,"s:76:4:78:Infinity":24,"s:77:6:77:Infinity":25,"s:80:4:80:Infinity":26,"f:83:9:83:25":5,"s:84:26:84:Infinity":27,"s:85:4:85:Infinity":28,"f:88:9:88:25":6,"s:89:26:89:Infinity":29,"s:90:4:90:Infinity":30,"b:90:11:90:51:90:51:90:Infinity":10,"f:93:9:93:25":7,"s:94:26:94:Infinity":31,"s:95:4:95:Infinity":32,"b:95:11:95:51:95:51:95:Infinity":11,"f:98:9:98:25":8,"s:99:26:99:Infinity":33,"s:100:4:100:Infinity":34,"b:100:11:100:51:100:51:100:Infinity":12,"f:103:9:103:25":9,"s:104:26:104:Infinity":35,"s:105:4:105:Infinity":36,"b:105:11:105:51:105:51:105:Infinity":13,"f:108:9:108:26":10,"s:109:26:109:Infinity":37,"s:110:4:110:Infinity":38,"b:110:11:110:52:110:52:110:Infinity":14,"f:113:9:113:26":11,"s:114:26:114:Infinity":39,"s:115:4:115:Infinity":40,"b:115:11:115:55:115:55:115:Infinity":15,"f:118:9:118:26":12,"s:119:26:119:Infinity":41,"s:120:4:120:Infinity":42,"b:120:11:120:52:120:52:120:Infinity":16,"f:123:9:123:26":13,"s:124:26:124:Infinity":43,"s:125:4:125:Infinity":44,"b:125:11:125:52:125:52:125:Infinity":17,"f:128:9:128:26":14,"s:129:26:129:Infinity":45,"s:130:4:130:Infinity":46,"f:133:9:133:17":15,"s:134:4:134:Infinity":47,"f:137:9:137:17":16,"s:138:4:138:Infinity":48}}}
,"/Users/jsplettstoesser/Code/private/ts-helpers-2026/src/interfaces/general.interface.ts": {"path":"/Users/jsplettstoesser/Code/private/ts-helpers-2026/src/interfaces/general.interface.ts","statementMap":{},"fnMap":{},"branchMap":{},"s":{},"f":{},"b":{},"meta":{"lastBranch":0,"lastFunction":0,"lastStatement":0,"seen":{}}}
}
